<html>
<head>
<title>TestNG:  Default test</title>
<link href="../testng.css" rel="stylesheet" type="text/css" />
<link href="../my-testng.css" rel="stylesheet" type="text/css" />

<style type="text/css">
.log { display: none;} 
.stack-trace { display: none;} 
</style>
<script type="text/javascript">
<!--
function flip(e) {
  current = e.style.display;
  if (current == 'block') {
    e.style.display = 'none';
    return 0;
  }
  else {
    e.style.display = 'block';
    return 1;
  }
}

function toggleBox(szDivId, elem, msg1, msg2)
{
  var res = -1;  if (document.getElementById) {
    res = flip(document.getElementById(szDivId));
  }
  else if (document.all) {
    // this is the way old msie versions work
    res = flip(document.all[szDivId]);
  }
  if(elem) {
    if(res == 0) elem.innerHTML = msg1; else elem.innerHTML = msg2;
  }

}

function toggleAllBoxes() {
  if (document.getElementsByTagName) {
    d = document.getElementsByTagName('div');
    for (i = 0; i < d.length; i++) {
      if (d[i].className == 'log') {
        flip(d[i]);
      }
    }
  }
}

// -->
</script>

</head>
<body>
<h2 align='center'>Default test</h2><table border='1' align="center">
<tr>
<td>Tests passed/Failed/Skipped:</td><td>31/9/0</td>
</tr><tr>
<td>Started on:</td><td>Thu Aug 24 17:50:27 PDT 2023</td>
</tr>
<tr><td>Total time:</td><td>114 seconds (114403 ms)</td>
</tr><tr>
<td>Included groups:</td><td></td>
</tr><tr>
<td>Excluded groups:</td><td></td>
</tr>
</table><p/>
<small><i>(Hover the method name to see the test class name)</i></small><p/>
<table width='100%' border='1' class='invocation-failed'>
<tr><td colspan='4' align='center'><b>FAILED TESTS</b></td></tr>
<tr><td><b>Test method</b></td>
<td><b>Attribute(s)</b></td>
<td width="30%"><b>Exception</b></td>
<td width="10%"><b>Time (seconds)</b></td>
<td><b>Instance</b></td>
</tr>
<tr>
<td title='com.numpyninja.cluelesscoders.testrunner.TestRun.runScenario()'><b>runScenario</b><br>Test class: com.numpyninja.cluelesscoders.testrunner.TestRun<br>Test method: Runs Cucumber Scenarios<br>Parameters: "User is able to navigate to Linked list using dropdown option", "Optional[Testing the Linked list page of the Ds algo application]"</td>
<td><div><pre>org.openqa.selenium.ElementNotInteractableException: element not interactable
  (Session info: chrome=115.0.5790.173)
Build info: version: &apos;4.9.0&apos;, revision: &apos;d7057100a6&apos;
System info: os.name: &apos;Windows 11&apos;, os.arch: &apos;amd64&apos;, os.version: &apos;10.0&apos;, java.version: &apos;17.0.4.1&apos;
Driver info: org.openqa.selenium.chrome.ChromeDriver
Command: [dd4aca329cc0eb3ba76aeb4b1cbadbb7, sendKeysToElement {id=2355F04EF42192EC6BC478BE6F99F719_element_41, value=[Ljava.lang.CharSequence;@3074eb96}]
Capabilities {acceptInsecureCerts: false, browserName: chrome, browserVersion: 115.0.5790.173, chrome: {chromedriverVersion: 114.0.5735.90 (386bc09e8f4f..., userDataDir: C:\Users\cnudr\AppData\Loca...}, goog:chromeOptions: {debuggerAddress: localhost:49916}, networkConnectionEnabled: false, pageLoadStrategy: normal, platformName: WINDOWS, proxy: Proxy(), se:cdp: ws://localhost:49916/devtoo..., se:cdpVersion: 115.0.5790.173, setWindowRect: true, strictFileInteractability: false, timeouts: {implicit: 0, pageLoad: 300000, script: 30000}, unhandledPromptBehavior: dismiss and notify, webauthn:extension:credBlob: true, webauthn:extension:largeBlob: true, webauthn:extension:minPinLength: true, webauthn:extension:prf: true, webauthn:virtualAuthenticators: true}
Element: [[ChromeDriver: chrome on WINDOWS (dd4aca329cc0eb3ba76aeb4b1cbadbb7)] -&gt; xpath: //div[contains(@class, &apos;CodeMirror&apos;)]/div/textarea]
Session ID: dd4aca329cc0eb3ba76aeb4b1cbadbb7
	at java.base/jdk.internal.reflect.NativeConstructorAccessorImpl.newInstance0(Native Method)
	at java.base/jdk.internal.reflect.NativeConstructorAccessorImpl.newInstance(NativeConstructorAccessorImpl.java:77)
	at java.base/jdk.internal.reflect.DelegatingConstructorAccessorImpl.newInstance(DelegatingConstructorAccessorImpl.java:45)
	at java.base/java.lang.reflect.Constructor.newInstanceWithCaller(Constructor.java:499)
	at java.base/java.lang.reflect.Constructor.newInstance(Constructor.java:480)
	at org.openqa.selenium.remote.codec.w3c.W3CHttpResponseCodec.createException(W3CHttpResponseCodec.java:200)
	at org.openqa.selenium.remote.codec.w3c.W3CHttpResponseCodec.decode(W3CHttpResponseCodec.java:133)
	at org.openqa.selenium.remote.codec.w3c.W3CHttpResponseCodec.decode(W3CHttpResponseCodec.java:53)
	at org.openqa.selenium.remote.HttpCommandExecutor.execute(HttpCommandExecutor.java:193)
	at org.openqa.selenium.remote.service.DriverCommandExecutor.invokeExecute(DriverCommandExecutor.java:183)
	at org.openqa.selenium.remote.service.DriverCommandExecutor.execute(DriverCommandExecutor.java:158)
	at org.openqa.selenium.remote.RemoteWebDriver.execute(RemoteWebDriver.java:543)
	at org.openqa.selenium.remote.RemoteWebElement.execute(RemoteWebElement.java:257)
	at org.openqa.selenium.remote.RemoteWebElement.sendKeys(RemoteWebElement.java:113)
	at com.numpyninja.cluelesscoders.pageobjects.StackPage.clickonTopics(StackPage.java:71)
	at com.numpyninja.cluelesscoders.stepdefinitions.Steps.user_click_on_topics_covered_with_links(Steps.java:345)
	at ✽.User click on topics covered with &quot;Introduction,Creating Linked LIst,Types of Linked List,Implement Linked List in Python,Traversal,Insertion,Deletion&quot; links(file:///C:/Users/cnudr/git/dsAlgo/dsalgo-cucumber/./Features/linkedlist.feature:18)
</pre></div><a href='#' onClick='toggleBox("stack-trace563216834", this, "Click to show all stack frames", "Click to hide stack frames")'>Click to show all stack frames</a>
<div class='stack-trace' id='stack-trace563216834'><pre>org.openqa.selenium.ElementNotInteractableException: element not interactable
  (Session info: chrome=115.0.5790.173)
Build info: version: &apos;4.9.0&apos;, revision: &apos;d7057100a6&apos;
System info: os.name: &apos;Windows 11&apos;, os.arch: &apos;amd64&apos;, os.version: &apos;10.0&apos;, java.version: &apos;17.0.4.1&apos;
Driver info: org.openqa.selenium.chrome.ChromeDriver
Command: [dd4aca329cc0eb3ba76aeb4b1cbadbb7, sendKeysToElement {id=2355F04EF42192EC6BC478BE6F99F719_element_41, value=[Ljava.lang.CharSequence;@3074eb96}]
Capabilities {acceptInsecureCerts: false, browserName: chrome, browserVersion: 115.0.5790.173, chrome: {chromedriverVersion: 114.0.5735.90 (386bc09e8f4f..., userDataDir: C:\Users\cnudr\AppData\Loca...}, goog:chromeOptions: {debuggerAddress: localhost:49916}, networkConnectionEnabled: false, pageLoadStrategy: normal, platformName: WINDOWS, proxy: Proxy(), se:cdp: ws://localhost:49916/devtoo..., se:cdpVersion: 115.0.5790.173, setWindowRect: true, strictFileInteractability: false, timeouts: {implicit: 0, pageLoad: 300000, script: 30000}, unhandledPromptBehavior: dismiss and notify, webauthn:extension:credBlob: true, webauthn:extension:largeBlob: true, webauthn:extension:minPinLength: true, webauthn:extension:prf: true, webauthn:virtualAuthenticators: true}
Element: [[ChromeDriver: chrome on WINDOWS (dd4aca329cc0eb3ba76aeb4b1cbadbb7)] -&gt; xpath: //div[contains(@class, &apos;CodeMirror&apos;)]/div/textarea]
Session ID: dd4aca329cc0eb3ba76aeb4b1cbadbb7
	at java.base/jdk.internal.reflect.NativeConstructorAccessorImpl.newInstance0(Native Method)
	at java.base/jdk.internal.reflect.NativeConstructorAccessorImpl.newInstance(NativeConstructorAccessorImpl.java:77)
	at java.base/jdk.internal.reflect.DelegatingConstructorAccessorImpl.newInstance(DelegatingConstructorAccessorImpl.java:45)
	at java.base/java.lang.reflect.Constructor.newInstanceWithCaller(Constructor.java:499)
	at java.base/java.lang.reflect.Constructor.newInstance(Constructor.java:480)
	at org.openqa.selenium.remote.codec.w3c.W3CHttpResponseCodec.createException(W3CHttpResponseCodec.java:200)
	at org.openqa.selenium.remote.codec.w3c.W3CHttpResponseCodec.decode(W3CHttpResponseCodec.java:133)
	at org.openqa.selenium.remote.codec.w3c.W3CHttpResponseCodec.decode(W3CHttpResponseCodec.java:53)
	at org.openqa.selenium.remote.HttpCommandExecutor.execute(HttpCommandExecutor.java:193)
	at org.openqa.selenium.remote.service.DriverCommandExecutor.invokeExecute(DriverCommandExecutor.java:183)
	at org.openqa.selenium.remote.service.DriverCommandExecutor.execute(DriverCommandExecutor.java:158)
	at org.openqa.selenium.remote.RemoteWebDriver.execute(RemoteWebDriver.java:543)
	at org.openqa.selenium.remote.RemoteWebElement.execute(RemoteWebElement.java:257)
	at org.openqa.selenium.remote.RemoteWebElement.sendKeys(RemoteWebElement.java:113)
	at com.numpyninja.cluelesscoders.pageobjects.StackPage.clickonTopics(StackPage.java:71)
	at com.numpyninja.cluelesscoders.stepdefinitions.Steps.user_click_on_topics_covered_with_links(Steps.java:345)
	at ✽.User click on topics covered with &quot;Introduction,Creating Linked LIst,Types of Linked List,Implement Linked List in Python,Traversal,Insertion,Deletion&quot; links(file:///C:/Users/cnudr/git/dsAlgo/dsalgo-cucumber/./Features/linkedlist.feature:18)
</pre></div></td>
<td>20</td>
<td>com.numpyninja.cluelesscoders.testrunner.TestRun@7c137fd5</td></tr>
<tr>
<td title='com.numpyninja.cluelesscoders.testrunner.TestRun.runScenario()'><b>runScenario</b><br>Test class: com.numpyninja.cluelesscoders.testrunner.TestRun<br>Test method: Runs Cucumber Scenarios<br>Parameters: "Check for error message for commonly used password", "Optional[Register]"</td>
<td><div><pre>java.lang.AssertionError: expected [Password can’t be commonly used password] but found [password_mismatch:The two password fields didn’t match.]
	at org.testng.Assert.fail(Assert.java:110)
	at org.testng.Assert.failNotEquals(Assert.java:1577)
	at org.testng.Assert.assertEqualsImpl(Assert.java:149)
	at org.testng.Assert.assertEquals(Assert.java:131)
	at org.testng.Assert.assertEquals(Assert.java:655)
	at org.testng.Assert.assertEquals(Assert.java:665)
	at com.numpyninja.cluelesscoders.stepdefinitions.Steps.it_should_display_an_error_message(Steps.java:185)
	at ✽.It should display an error message &quot;Password can’t be commonly used password&quot;(file:///C:/Users/cnudr/git/dsAlgo/dsalgo-cucumber/./Features/registerPage.feature:81)
</pre></div><a href='#' onClick='toggleBox("stack-trace416977819", this, "Click to show all stack frames", "Click to hide stack frames")'>Click to show all stack frames</a>
<div class='stack-trace' id='stack-trace416977819'><pre>java.lang.AssertionError: expected [Password can’t be commonly used password] but found [password_mismatch:The two password fields didn’t match.]
	at org.testng.Assert.fail(Assert.java:110)
	at org.testng.Assert.failNotEquals(Assert.java:1577)
	at org.testng.Assert.assertEqualsImpl(Assert.java:149)
	at org.testng.Assert.assertEquals(Assert.java:131)
	at org.testng.Assert.assertEquals(Assert.java:655)
	at org.testng.Assert.assertEquals(Assert.java:665)
	at com.numpyninja.cluelesscoders.stepdefinitions.Steps.it_should_display_an_error_message(Steps.java:185)
	at ✽.It should display an error message &quot;Password can’t be commonly used password&quot;(file:///C:/Users/cnudr/git/dsAlgo/dsalgo-cucumber/./Features/registerPage.feature:81)
</pre></div></td>
<td>11</td>
<td>com.numpyninja.cluelesscoders.testrunner.TestRun@7c137fd5</td></tr>
<tr>
<td title='com.numpyninja.cluelesscoders.testrunner.TestRun.runScenario()'><b>runScenario</b><br>Test class: com.numpyninja.cluelesscoders.testrunner.TestRun<br>Test method: Runs Cucumber Scenarios<br>Parameters: "Check for Password with only numbers", "Optional[Register]"</td>
<td><div><pre>java.lang.AssertionError: expected [Password can’t be entirely numeric.] but found [password_mismatch:The two password fields didn’t match.]
	at org.testng.Assert.fail(Assert.java:110)
	at org.testng.Assert.failNotEquals(Assert.java:1577)
	at org.testng.Assert.assertEqualsImpl(Assert.java:149)
	at org.testng.Assert.assertEquals(Assert.java:131)
	at org.testng.Assert.assertEquals(Assert.java:655)
	at org.testng.Assert.assertEquals(Assert.java:665)
	at com.numpyninja.cluelesscoders.stepdefinitions.Steps.it_should_display_an_error_message(Steps.java:185)
	at ✽.It should display an error message &quot;Password can’t be entirely numeric.&quot;(file:///C:/Users/cnudr/git/dsAlgo/dsalgo-cucumber/./Features/registerPage.feature:49)
</pre></div><a href='#' onClick='toggleBox("stack-trace1725062736", this, "Click to show all stack frames", "Click to hide stack frames")'>Click to show all stack frames</a>
<div class='stack-trace' id='stack-trace1725062736'><pre>java.lang.AssertionError: expected [Password can’t be entirely numeric.] but found [password_mismatch:The two password fields didn’t match.]
	at org.testng.Assert.fail(Assert.java:110)
	at org.testng.Assert.failNotEquals(Assert.java:1577)
	at org.testng.Assert.assertEqualsImpl(Assert.java:149)
	at org.testng.Assert.assertEquals(Assert.java:131)
	at org.testng.Assert.assertEquals(Assert.java:655)
	at org.testng.Assert.assertEquals(Assert.java:665)
	at com.numpyninja.cluelesscoders.stepdefinitions.Steps.it_should_display_an_error_message(Steps.java:185)
	at ✽.It should display an error message &quot;Password can’t be entirely numeric.&quot;(file:///C:/Users/cnudr/git/dsAlgo/dsalgo-cucumber/./Features/registerPage.feature:49)
</pre></div></td>
<td>12</td>
<td>com.numpyninja.cluelesscoders.testrunner.TestRun@7c137fd5</td></tr>
<tr>
<td title='com.numpyninja.cluelesscoders.testrunner.TestRun.runScenario()'><b>runScenario</b><br>Test class: com.numpyninja.cluelesscoders.testrunner.TestRun<br>Test method: Runs Cucumber Scenarios<br>Parameters: "The user is succesfully able to register", "Optional[Register]"</td>
<td><div><pre>java.lang.AssertionError: expected [New Account Created. You are logged in as Siri1231] but found [password_mismatch:The two password fields didn’t match.]
	at org.testng.Assert.fail(Assert.java:110)
	at org.testng.Assert.failNotEquals(Assert.java:1577)
	at org.testng.Assert.assertEqualsImpl(Assert.java:149)
	at org.testng.Assert.assertEquals(Assert.java:131)
	at org.testng.Assert.assertEquals(Assert.java:655)
	at org.testng.Assert.assertEquals(Assert.java:665)
	at com.numpyninja.cluelesscoders.stepdefinitions.Steps.the_user_should_be_redirected_to_homepage_with_the_message(Steps.java:191)
	at ✽.The user should be redirected to Homepage with the message &quot;New Account Created. You are logged in as Siri1231&quot;(file:///C:/Users/cnudr/git/dsAlgo/dsalgo-cucumber/./Features/registerPage.feature:114)
</pre></div><a href='#' onClick='toggleBox("stack-trace1151516705", this, "Click to show all stack frames", "Click to hide stack frames")'>Click to show all stack frames</a>
<div class='stack-trace' id='stack-trace1151516705'><pre>java.lang.AssertionError: expected [New Account Created. You are logged in as Siri1231] but found [password_mismatch:The two password fields didn’t match.]
	at org.testng.Assert.fail(Assert.java:110)
	at org.testng.Assert.failNotEquals(Assert.java:1577)
	at org.testng.Assert.assertEqualsImpl(Assert.java:149)
	at org.testng.Assert.assertEquals(Assert.java:131)
	at org.testng.Assert.assertEquals(Assert.java:655)
	at org.testng.Assert.assertEquals(Assert.java:665)
	at com.numpyninja.cluelesscoders.stepdefinitions.Steps.the_user_should_be_redirected_to_homepage_with_the_message(Steps.java:191)
	at ✽.The user should be redirected to Homepage with the message &quot;New Account Created. You are logged in as Siri1231&quot;(file:///C:/Users/cnudr/git/dsAlgo/dsalgo-cucumber/./Features/registerPage.feature:114)
</pre></div></td>
<td>9</td>
<td>com.numpyninja.cluelesscoders.testrunner.TestRun@7c137fd5</td></tr>
<tr>
<td title='com.numpyninja.cluelesscoders.testrunner.TestRun.runScenario()'><b>runScenario</b><br>Test class: com.numpyninja.cluelesscoders.testrunner.TestRun<br>Test method: Runs Cucumber Scenarios<br>Parameters: "User is able to navigate to stack using dropdown option", "Optional[Testing the stack page of the Ds algo application]"</td>
<td><div><pre>org.openqa.selenium.ElementNotInteractableException: element not interactable
  (Session info: chrome=115.0.5790.173)
Build info: version: &apos;4.9.0&apos;, revision: &apos;d7057100a6&apos;
System info: os.name: &apos;Windows 11&apos;, os.arch: &apos;amd64&apos;, os.version: &apos;10.0&apos;, java.version: &apos;17.0.4.1&apos;
Driver info: org.openqa.selenium.chrome.ChromeDriver
Command: [628903bb90d2decca2b58d786ab3302d, sendKeysToElement {id=8B79EA0EF083BFA787845619D25210FA_element_41, value=[Ljava.lang.CharSequence;@3fc8d6bb}]
Capabilities {acceptInsecureCerts: false, browserName: chrome, browserVersion: 115.0.5790.173, chrome: {chromedriverVersion: 114.0.5735.90 (386bc09e8f4f..., userDataDir: C:\Users\cnudr\AppData\Loca...}, goog:chromeOptions: {debuggerAddress: localhost:50372}, networkConnectionEnabled: false, pageLoadStrategy: normal, platformName: WINDOWS, proxy: Proxy(), se:cdp: ws://localhost:50372/devtoo..., se:cdpVersion: 115.0.5790.173, setWindowRect: true, strictFileInteractability: false, timeouts: {implicit: 0, pageLoad: 300000, script: 30000}, unhandledPromptBehavior: dismiss and notify, webauthn:extension:credBlob: true, webauthn:extension:largeBlob: true, webauthn:extension:minPinLength: true, webauthn:extension:prf: true, webauthn:virtualAuthenticators: true}
Element: [[ChromeDriver: chrome on WINDOWS (628903bb90d2decca2b58d786ab3302d)] -&gt; xpath: //div[contains(@class, &apos;CodeMirror&apos;)]/div/textarea]
Session ID: 628903bb90d2decca2b58d786ab3302d
	at java.base/jdk.internal.reflect.NativeConstructorAccessorImpl.newInstance0(Native Method)
	at java.base/jdk.internal.reflect.NativeConstructorAccessorImpl.newInstance(NativeConstructorAccessorImpl.java:77)
	at java.base/jdk.internal.reflect.DelegatingConstructorAccessorImpl.newInstance(DelegatingConstructorAccessorImpl.java:45)
	at java.base/java.lang.reflect.Constructor.newInstanceWithCaller(Constructor.java:499)
	at java.base/java.lang.reflect.Constructor.newInstance(Constructor.java:480)
	at org.openqa.selenium.remote.codec.w3c.W3CHttpResponseCodec.createException(W3CHttpResponseCodec.java:200)
	at org.openqa.selenium.remote.codec.w3c.W3CHttpResponseCodec.decode(W3CHttpResponseCodec.java:133)
	at org.openqa.selenium.remote.codec.w3c.W3CHttpResponseCodec.decode(W3CHttpResponseCodec.java:53)
	at org.openqa.selenium.remote.HttpCommandExecutor.execute(HttpCommandExecutor.java:193)
	at org.openqa.selenium.remote.service.DriverCommandExecutor.invokeExecute(DriverCommandExecutor.java:183)
	at org.openqa.selenium.remote.service.DriverCommandExecutor.execute(DriverCommandExecutor.java:158)
	at org.openqa.selenium.remote.RemoteWebDriver.execute(RemoteWebDriver.java:543)
	at org.openqa.selenium.remote.RemoteWebElement.execute(RemoteWebElement.java:257)
	at org.openqa.selenium.remote.RemoteWebElement.sendKeys(RemoteWebElement.java:113)
	at com.numpyninja.cluelesscoders.pageobjects.StackPage.clickonTopics(StackPage.java:71)
	at com.numpyninja.cluelesscoders.stepdefinitions.Steps.user_click_on_topics_covered_with_links(Steps.java:345)
	at ✽.User click on topics covered with &quot;Operations in Stack,Implementation,Applications&quot; links(file:///C:/Users/cnudr/git/dsAlgo/dsalgo-cucumber/./Features/stack.feature:18)
</pre></div><a href='#' onClick='toggleBox("stack-trace2113593998", this, "Click to show all stack frames", "Click to hide stack frames")'>Click to show all stack frames</a>
<div class='stack-trace' id='stack-trace2113593998'><pre>org.openqa.selenium.ElementNotInteractableException: element not interactable
  (Session info: chrome=115.0.5790.173)
Build info: version: &apos;4.9.0&apos;, revision: &apos;d7057100a6&apos;
System info: os.name: &apos;Windows 11&apos;, os.arch: &apos;amd64&apos;, os.version: &apos;10.0&apos;, java.version: &apos;17.0.4.1&apos;
Driver info: org.openqa.selenium.chrome.ChromeDriver
Command: [628903bb90d2decca2b58d786ab3302d, sendKeysToElement {id=8B79EA0EF083BFA787845619D25210FA_element_41, value=[Ljava.lang.CharSequence;@3fc8d6bb}]
Capabilities {acceptInsecureCerts: false, browserName: chrome, browserVersion: 115.0.5790.173, chrome: {chromedriverVersion: 114.0.5735.90 (386bc09e8f4f..., userDataDir: C:\Users\cnudr\AppData\Loca...}, goog:chromeOptions: {debuggerAddress: localhost:50372}, networkConnectionEnabled: false, pageLoadStrategy: normal, platformName: WINDOWS, proxy: Proxy(), se:cdp: ws://localhost:50372/devtoo..., se:cdpVersion: 115.0.5790.173, setWindowRect: true, strictFileInteractability: false, timeouts: {implicit: 0, pageLoad: 300000, script: 30000}, unhandledPromptBehavior: dismiss and notify, webauthn:extension:credBlob: true, webauthn:extension:largeBlob: true, webauthn:extension:minPinLength: true, webauthn:extension:prf: true, webauthn:virtualAuthenticators: true}
Element: [[ChromeDriver: chrome on WINDOWS (628903bb90d2decca2b58d786ab3302d)] -&gt; xpath: //div[contains(@class, &apos;CodeMirror&apos;)]/div/textarea]
Session ID: 628903bb90d2decca2b58d786ab3302d
	at java.base/jdk.internal.reflect.NativeConstructorAccessorImpl.newInstance0(Native Method)
	at java.base/jdk.internal.reflect.NativeConstructorAccessorImpl.newInstance(NativeConstructorAccessorImpl.java:77)
	at java.base/jdk.internal.reflect.DelegatingConstructorAccessorImpl.newInstance(DelegatingConstructorAccessorImpl.java:45)
	at java.base/java.lang.reflect.Constructor.newInstanceWithCaller(Constructor.java:499)
	at java.base/java.lang.reflect.Constructor.newInstance(Constructor.java:480)
	at org.openqa.selenium.remote.codec.w3c.W3CHttpResponseCodec.createException(W3CHttpResponseCodec.java:200)
	at org.openqa.selenium.remote.codec.w3c.W3CHttpResponseCodec.decode(W3CHttpResponseCodec.java:133)
	at org.openqa.selenium.remote.codec.w3c.W3CHttpResponseCodec.decode(W3CHttpResponseCodec.java:53)
	at org.openqa.selenium.remote.HttpCommandExecutor.execute(HttpCommandExecutor.java:193)
	at org.openqa.selenium.remote.service.DriverCommandExecutor.invokeExecute(DriverCommandExecutor.java:183)
	at org.openqa.selenium.remote.service.DriverCommandExecutor.execute(DriverCommandExecutor.java:158)
	at org.openqa.selenium.remote.RemoteWebDriver.execute(RemoteWebDriver.java:543)
	at org.openqa.selenium.remote.RemoteWebElement.execute(RemoteWebElement.java:257)
	at org.openqa.selenium.remote.RemoteWebElement.sendKeys(RemoteWebElement.java:113)
	at com.numpyninja.cluelesscoders.pageobjects.StackPage.clickonTopics(StackPage.java:71)
	at com.numpyninja.cluelesscoders.stepdefinitions.Steps.user_click_on_topics_covered_with_links(Steps.java:345)
	at ✽.User click on topics covered with &quot;Operations in Stack,Implementation,Applications&quot; links(file:///C:/Users/cnudr/git/dsAlgo/dsalgo-cucumber/./Features/stack.feature:18)
</pre></div></td>
<td>13</td>
<td>com.numpyninja.cluelesscoders.testrunner.TestRun@7c137fd5</td></tr>
<tr>
<td title='com.numpyninja.cluelesscoders.testrunner.TestRun.runScenario()'><b>runScenario</b><br>Test class: com.numpyninja.cluelesscoders.testrunner.TestRun<br>Test method: Runs Cucumber Scenarios<br>Parameters: "User is able to navigate to Array using dropdown option", "Optional[Testing the Linked list page of the Ds algo application]"</td>
<td><div><pre>org.openqa.selenium.ElementNotInteractableException: element not interactable
  (Session info: chrome=115.0.5790.173)
Build info: version: &apos;4.9.0&apos;, revision: &apos;d7057100a6&apos;
System info: os.name: &apos;Windows 11&apos;, os.arch: &apos;amd64&apos;, os.version: &apos;10.0&apos;, java.version: &apos;17.0.4.1&apos;
Driver info: org.openqa.selenium.chrome.ChromeDriver
Command: [b0165d92fcafec14374c5ed5807da068, sendKeysToElement {id=386DD8EDE3E7556D7A0EC678D217A7B9_element_43, value=[Ljava.lang.CharSequence;@a82f8e3}]
Capabilities {acceptInsecureCerts: false, browserName: chrome, browserVersion: 115.0.5790.173, chrome: {chromedriverVersion: 114.0.5735.90 (386bc09e8f4f..., userDataDir: C:\Users\cnudr\AppData\Loca...}, goog:chromeOptions: {debuggerAddress: localhost:49847}, networkConnectionEnabled: false, pageLoadStrategy: normal, platformName: WINDOWS, proxy: Proxy(), se:cdp: ws://localhost:49847/devtoo..., se:cdpVersion: 115.0.5790.173, setWindowRect: true, strictFileInteractability: false, timeouts: {implicit: 0, pageLoad: 300000, script: 30000}, unhandledPromptBehavior: dismiss and notify, webauthn:extension:credBlob: true, webauthn:extension:largeBlob: true, webauthn:extension:minPinLength: true, webauthn:extension:prf: true, webauthn:virtualAuthenticators: true}
Element: [[ChromeDriver: chrome on WINDOWS (b0165d92fcafec14374c5ed5807da068)] -&gt; xpath: //div[contains(@class, &apos;CodeMirror&apos;)]/div/textarea]
Session ID: b0165d92fcafec14374c5ed5807da068
	at java.base/jdk.internal.reflect.NativeConstructorAccessorImpl.newInstance0(Native Method)
	at java.base/jdk.internal.reflect.NativeConstructorAccessorImpl.newInstance(NativeConstructorAccessorImpl.java:77)
	at java.base/jdk.internal.reflect.DelegatingConstructorAccessorImpl.newInstance(DelegatingConstructorAccessorImpl.java:45)
	at java.base/java.lang.reflect.Constructor.newInstanceWithCaller(Constructor.java:499)
	at java.base/java.lang.reflect.Constructor.newInstance(Constructor.java:480)
	at org.openqa.selenium.remote.codec.w3c.W3CHttpResponseCodec.createException(W3CHttpResponseCodec.java:200)
	at org.openqa.selenium.remote.codec.w3c.W3CHttpResponseCodec.decode(W3CHttpResponseCodec.java:133)
	at org.openqa.selenium.remote.codec.w3c.W3CHttpResponseCodec.decode(W3CHttpResponseCodec.java:53)
	at org.openqa.selenium.remote.HttpCommandExecutor.execute(HttpCommandExecutor.java:193)
	at org.openqa.selenium.remote.service.DriverCommandExecutor.invokeExecute(DriverCommandExecutor.java:183)
	at org.openqa.selenium.remote.service.DriverCommandExecutor.execute(DriverCommandExecutor.java:158)
	at org.openqa.selenium.remote.RemoteWebDriver.execute(RemoteWebDriver.java:543)
	at org.openqa.selenium.remote.RemoteWebElement.execute(RemoteWebElement.java:257)
	at org.openqa.selenium.remote.RemoteWebElement.sendKeys(RemoteWebElement.java:113)
	at com.numpyninja.cluelesscoders.pageobjects.StackPage.clickonTopics(StackPage.java:71)
	at com.numpyninja.cluelesscoders.stepdefinitions.Steps.user_click_on_topics_covered_with_links(Steps.java:345)
	at ✽.User click on topics covered with &quot;Arrays in Python,Arrays Using List,Basic Operations in Lists,Applications of Array&quot; links(file:///C:/Users/cnudr/git/dsAlgo/dsalgo-cucumber/./Features/arrays.feature:18)
</pre></div><a href='#' onClick='toggleBox("stack-trace348069993", this, "Click to show all stack frames", "Click to hide stack frames")'>Click to show all stack frames</a>
<div class='stack-trace' id='stack-trace348069993'><pre>org.openqa.selenium.ElementNotInteractableException: element not interactable
  (Session info: chrome=115.0.5790.173)
Build info: version: &apos;4.9.0&apos;, revision: &apos;d7057100a6&apos;
System info: os.name: &apos;Windows 11&apos;, os.arch: &apos;amd64&apos;, os.version: &apos;10.0&apos;, java.version: &apos;17.0.4.1&apos;
Driver info: org.openqa.selenium.chrome.ChromeDriver
Command: [b0165d92fcafec14374c5ed5807da068, sendKeysToElement {id=386DD8EDE3E7556D7A0EC678D217A7B9_element_43, value=[Ljava.lang.CharSequence;@a82f8e3}]
Capabilities {acceptInsecureCerts: false, browserName: chrome, browserVersion: 115.0.5790.173, chrome: {chromedriverVersion: 114.0.5735.90 (386bc09e8f4f..., userDataDir: C:\Users\cnudr\AppData\Loca...}, goog:chromeOptions: {debuggerAddress: localhost:49847}, networkConnectionEnabled: false, pageLoadStrategy: normal, platformName: WINDOWS, proxy: Proxy(), se:cdp: ws://localhost:49847/devtoo..., se:cdpVersion: 115.0.5790.173, setWindowRect: true, strictFileInteractability: false, timeouts: {implicit: 0, pageLoad: 300000, script: 30000}, unhandledPromptBehavior: dismiss and notify, webauthn:extension:credBlob: true, webauthn:extension:largeBlob: true, webauthn:extension:minPinLength: true, webauthn:extension:prf: true, webauthn:virtualAuthenticators: true}
Element: [[ChromeDriver: chrome on WINDOWS (b0165d92fcafec14374c5ed5807da068)] -&gt; xpath: //div[contains(@class, &apos;CodeMirror&apos;)]/div/textarea]
Session ID: b0165d92fcafec14374c5ed5807da068
	at java.base/jdk.internal.reflect.NativeConstructorAccessorImpl.newInstance0(Native Method)
	at java.base/jdk.internal.reflect.NativeConstructorAccessorImpl.newInstance(NativeConstructorAccessorImpl.java:77)
	at java.base/jdk.internal.reflect.DelegatingConstructorAccessorImpl.newInstance(DelegatingConstructorAccessorImpl.java:45)
	at java.base/java.lang.reflect.Constructor.newInstanceWithCaller(Constructor.java:499)
	at java.base/java.lang.reflect.Constructor.newInstance(Constructor.java:480)
	at org.openqa.selenium.remote.codec.w3c.W3CHttpResponseCodec.createException(W3CHttpResponseCodec.java:200)
	at org.openqa.selenium.remote.codec.w3c.W3CHttpResponseCodec.decode(W3CHttpResponseCodec.java:133)
	at org.openqa.selenium.remote.codec.w3c.W3CHttpResponseCodec.decode(W3CHttpResponseCodec.java:53)
	at org.openqa.selenium.remote.HttpCommandExecutor.execute(HttpCommandExecutor.java:193)
	at org.openqa.selenium.remote.service.DriverCommandExecutor.invokeExecute(DriverCommandExecutor.java:183)
	at org.openqa.selenium.remote.service.DriverCommandExecutor.execute(DriverCommandExecutor.java:158)
	at org.openqa.selenium.remote.RemoteWebDriver.execute(RemoteWebDriver.java:543)
	at org.openqa.selenium.remote.RemoteWebElement.execute(RemoteWebElement.java:257)
	at org.openqa.selenium.remote.RemoteWebElement.sendKeys(RemoteWebElement.java:113)
	at com.numpyninja.cluelesscoders.pageobjects.StackPage.clickonTopics(StackPage.java:71)
	at com.numpyninja.cluelesscoders.stepdefinitions.Steps.user_click_on_topics_covered_with_links(Steps.java:345)
	at ✽.User click on topics covered with &quot;Arrays in Python,Arrays Using List,Basic Operations in Lists,Applications of Array&quot; links(file:///C:/Users/cnudr/git/dsAlgo/dsalgo-cucumber/./Features/arrays.feature:18)
</pre></div></td>
<td>17</td>
<td>com.numpyninja.cluelesscoders.testrunner.TestRun@7c137fd5</td></tr>
<tr>
<td title='com.numpyninja.cluelesscoders.testrunner.TestRun.runScenario()'><b>runScenario</b><br>Test class: com.numpyninja.cluelesscoders.testrunner.TestRun<br>Test method: Runs Cucumber Scenarios<br>Parameters: "User is able to navigate to Queue using dropdown option", "Optional[Testing the Linked list page of the Ds algo application]"</td>
<td><div><pre>org.openqa.selenium.ElementNotInteractableException: element not interactable
  (Session info: chrome=115.0.5790.173)
Build info: version: &apos;4.9.0&apos;, revision: &apos;d7057100a6&apos;
System info: os.name: &apos;Windows 11&apos;, os.arch: &apos;amd64&apos;, os.version: &apos;10.0&apos;, java.version: &apos;17.0.4.1&apos;
Driver info: org.openqa.selenium.chrome.ChromeDriver
Command: [f67ac4c2c335a89445e6f439a1bf5cdf, sendKeysToElement {id=2B828DA4C907E7213C88440AD48DB86D_element_44, value=[Ljava.lang.CharSequence;@1e947ac}]
Capabilities {acceptInsecureCerts: false, browserName: chrome, browserVersion: 115.0.5790.173, chrome: {chromedriverVersion: 114.0.5735.90 (386bc09e8f4f..., userDataDir: C:\Users\cnudr\AppData\Loca...}, goog:chromeOptions: {debuggerAddress: localhost:49955}, networkConnectionEnabled: false, pageLoadStrategy: normal, platformName: WINDOWS, proxy: Proxy(), se:cdp: ws://localhost:49955/devtoo..., se:cdpVersion: 115.0.5790.173, setWindowRect: true, strictFileInteractability: false, timeouts: {implicit: 0, pageLoad: 300000, script: 30000}, unhandledPromptBehavior: dismiss and notify, webauthn:extension:credBlob: true, webauthn:extension:largeBlob: true, webauthn:extension:minPinLength: true, webauthn:extension:prf: true, webauthn:virtualAuthenticators: true}
Element: [[ChromeDriver: chrome on WINDOWS (f67ac4c2c335a89445e6f439a1bf5cdf)] -&gt; xpath: //div[contains(@class, &apos;CodeMirror&apos;)]/div/textarea]
Session ID: f67ac4c2c335a89445e6f439a1bf5cdf
	at java.base/jdk.internal.reflect.NativeConstructorAccessorImpl.newInstance0(Native Method)
	at java.base/jdk.internal.reflect.NativeConstructorAccessorImpl.newInstance(NativeConstructorAccessorImpl.java:77)
	at java.base/jdk.internal.reflect.DelegatingConstructorAccessorImpl.newInstance(DelegatingConstructorAccessorImpl.java:45)
	at java.base/java.lang.reflect.Constructor.newInstanceWithCaller(Constructor.java:499)
	at java.base/java.lang.reflect.Constructor.newInstance(Constructor.java:480)
	at org.openqa.selenium.remote.codec.w3c.W3CHttpResponseCodec.createException(W3CHttpResponseCodec.java:200)
	at org.openqa.selenium.remote.codec.w3c.W3CHttpResponseCodec.decode(W3CHttpResponseCodec.java:133)
	at org.openqa.selenium.remote.codec.w3c.W3CHttpResponseCodec.decode(W3CHttpResponseCodec.java:53)
	at org.openqa.selenium.remote.HttpCommandExecutor.execute(HttpCommandExecutor.java:193)
	at org.openqa.selenium.remote.service.DriverCommandExecutor.invokeExecute(DriverCommandExecutor.java:183)
	at org.openqa.selenium.remote.service.DriverCommandExecutor.execute(DriverCommandExecutor.java:158)
	at org.openqa.selenium.remote.RemoteWebDriver.execute(RemoteWebDriver.java:543)
	at org.openqa.selenium.remote.RemoteWebElement.execute(RemoteWebElement.java:257)
	at org.openqa.selenium.remote.RemoteWebElement.sendKeys(RemoteWebElement.java:113)
	at com.numpyninja.cluelesscoders.pageobjects.StackPage.clickonTopics(StackPage.java:71)
	at com.numpyninja.cluelesscoders.stepdefinitions.Steps.user_click_on_topics_covered_with_links(Steps.java:345)
	at ✽.User click on topics covered with &quot;Implementation of Queue in Python,Implementation using collections.deque,Implementation using array,Queue Operations&quot; links(file:///C:/Users/cnudr/git/dsAlgo/dsalgo-cucumber/./Features/queue.feature:19)
</pre></div><a href='#' onClick='toggleBox("stack-trace260218053", this, "Click to show all stack frames", "Click to hide stack frames")'>Click to show all stack frames</a>
<div class='stack-trace' id='stack-trace260218053'><pre>org.openqa.selenium.ElementNotInteractableException: element not interactable
  (Session info: chrome=115.0.5790.173)
Build info: version: &apos;4.9.0&apos;, revision: &apos;d7057100a6&apos;
System info: os.name: &apos;Windows 11&apos;, os.arch: &apos;amd64&apos;, os.version: &apos;10.0&apos;, java.version: &apos;17.0.4.1&apos;
Driver info: org.openqa.selenium.chrome.ChromeDriver
Command: [f67ac4c2c335a89445e6f439a1bf5cdf, sendKeysToElement {id=2B828DA4C907E7213C88440AD48DB86D_element_44, value=[Ljava.lang.CharSequence;@1e947ac}]
Capabilities {acceptInsecureCerts: false, browserName: chrome, browserVersion: 115.0.5790.173, chrome: {chromedriverVersion: 114.0.5735.90 (386bc09e8f4f..., userDataDir: C:\Users\cnudr\AppData\Loca...}, goog:chromeOptions: {debuggerAddress: localhost:49955}, networkConnectionEnabled: false, pageLoadStrategy: normal, platformName: WINDOWS, proxy: Proxy(), se:cdp: ws://localhost:49955/devtoo..., se:cdpVersion: 115.0.5790.173, setWindowRect: true, strictFileInteractability: false, timeouts: {implicit: 0, pageLoad: 300000, script: 30000}, unhandledPromptBehavior: dismiss and notify, webauthn:extension:credBlob: true, webauthn:extension:largeBlob: true, webauthn:extension:minPinLength: true, webauthn:extension:prf: true, webauthn:virtualAuthenticators: true}
Element: [[ChromeDriver: chrome on WINDOWS (f67ac4c2c335a89445e6f439a1bf5cdf)] -&gt; xpath: //div[contains(@class, &apos;CodeMirror&apos;)]/div/textarea]
Session ID: f67ac4c2c335a89445e6f439a1bf5cdf
	at java.base/jdk.internal.reflect.NativeConstructorAccessorImpl.newInstance0(Native Method)
	at java.base/jdk.internal.reflect.NativeConstructorAccessorImpl.newInstance(NativeConstructorAccessorImpl.java:77)
	at java.base/jdk.internal.reflect.DelegatingConstructorAccessorImpl.newInstance(DelegatingConstructorAccessorImpl.java:45)
	at java.base/java.lang.reflect.Constructor.newInstanceWithCaller(Constructor.java:499)
	at java.base/java.lang.reflect.Constructor.newInstance(Constructor.java:480)
	at org.openqa.selenium.remote.codec.w3c.W3CHttpResponseCodec.createException(W3CHttpResponseCodec.java:200)
	at org.openqa.selenium.remote.codec.w3c.W3CHttpResponseCodec.decode(W3CHttpResponseCodec.java:133)
	at org.openqa.selenium.remote.codec.w3c.W3CHttpResponseCodec.decode(W3CHttpResponseCodec.java:53)
	at org.openqa.selenium.remote.HttpCommandExecutor.execute(HttpCommandExecutor.java:193)
	at org.openqa.selenium.remote.service.DriverCommandExecutor.invokeExecute(DriverCommandExecutor.java:183)
	at org.openqa.selenium.remote.service.DriverCommandExecutor.execute(DriverCommandExecutor.java:158)
	at org.openqa.selenium.remote.RemoteWebDriver.execute(RemoteWebDriver.java:543)
	at org.openqa.selenium.remote.RemoteWebElement.execute(RemoteWebElement.java:257)
	at org.openqa.selenium.remote.RemoteWebElement.sendKeys(RemoteWebElement.java:113)
	at com.numpyninja.cluelesscoders.pageobjects.StackPage.clickonTopics(StackPage.java:71)
	at com.numpyninja.cluelesscoders.stepdefinitions.Steps.user_click_on_topics_covered_with_links(Steps.java:345)
	at ✽.User click on topics covered with &quot;Implementation of Queue in Python,Implementation using collections.deque,Implementation using array,Queue Operations&quot; links(file:///C:/Users/cnudr/git/dsAlgo/dsalgo-cucumber/./Features/queue.feature:19)
</pre></div></td>
<td>22</td>
<td>com.numpyninja.cluelesscoders.testrunner.TestRun@7c137fd5</td></tr>
<tr>
<td title='com.numpyninja.cluelesscoders.testrunner.TestRun.runScenario()'><b>runScenario</b><br>Test class: com.numpyninja.cluelesscoders.testrunner.TestRun<br>Test method: Runs Cucumber Scenarios<br>Parameters: "Check for Password similar to username", "Optional[Register]"</td>
<td><div><pre>java.lang.AssertionError: expected [password can’t be too similar to your other personal information.] but found [password_mismatch:The two password fields didn’t match.]
	at org.testng.Assert.fail(Assert.java:110)
	at org.testng.Assert.failNotEquals(Assert.java:1577)
	at org.testng.Assert.assertEqualsImpl(Assert.java:149)
	at org.testng.Assert.assertEquals(Assert.java:131)
	at org.testng.Assert.assertEquals(Assert.java:655)
	at org.testng.Assert.assertEquals(Assert.java:665)
	at com.numpyninja.cluelesscoders.stepdefinitions.Steps.it_should_display_an_error_message(Steps.java:185)
	at ✽.It should display an error message &quot;password can’t be too similar to your other personal information.&quot;(file:///C:/Users/cnudr/git/dsAlgo/dsalgo-cucumber/./Features/registerPage.feature:65)
</pre></div><a href='#' onClick='toggleBox("stack-trace1227415983", this, "Click to show all stack frames", "Click to hide stack frames")'>Click to show all stack frames</a>
<div class='stack-trace' id='stack-trace1227415983'><pre>java.lang.AssertionError: expected [password can’t be too similar to your other personal information.] but found [password_mismatch:The two password fields didn’t match.]
	at org.testng.Assert.fail(Assert.java:110)
	at org.testng.Assert.failNotEquals(Assert.java:1577)
	at org.testng.Assert.assertEqualsImpl(Assert.java:149)
	at org.testng.Assert.assertEquals(Assert.java:131)
	at org.testng.Assert.assertEquals(Assert.java:655)
	at org.testng.Assert.assertEquals(Assert.java:665)
	at com.numpyninja.cluelesscoders.stepdefinitions.Steps.it_should_display_an_error_message(Steps.java:185)
	at ✽.It should display an error message &quot;password can’t be too similar to your other personal information.&quot;(file:///C:/Users/cnudr/git/dsAlgo/dsalgo-cucumber/./Features/registerPage.feature:65)
</pre></div></td>
<td>10</td>
<td>com.numpyninja.cluelesscoders.testrunner.TestRun@7c137fd5</td></tr>
<tr>
<td title='com.numpyninja.cluelesscoders.testrunner.TestRun.runScenario()'><b>runScenario</b><br>Test class: com.numpyninja.cluelesscoders.testrunner.TestRun<br>Test method: Runs Cucumber Scenarios<br>Parameters: "Check for error message for password with characters less than 8", "Optional[Register]"</td>
<td><div><pre>java.lang.AssertionError: expected [Password should contain at least 8 characters] but found [password_mismatch:The two password fields didn’t match.]
	at org.testng.Assert.fail(Assert.java:110)
	at org.testng.Assert.failNotEquals(Assert.java:1577)
	at org.testng.Assert.assertEqualsImpl(Assert.java:149)
	at org.testng.Assert.assertEquals(Assert.java:131)
	at org.testng.Assert.assertEquals(Assert.java:655)
	at org.testng.Assert.assertEquals(Assert.java:665)
	at com.numpyninja.cluelesscoders.stepdefinitions.Steps.it_should_display_an_error_message(Steps.java:185)
	at ✽.It should display an error message &quot;Password should contain at least 8 characters&quot;(file:///C:/Users/cnudr/git/dsAlgo/dsalgo-cucumber/./Features/registerPage.feature:97)
</pre></div><a href='#' onClick='toggleBox("stack-trace1043177713", this, "Click to show all stack frames", "Click to hide stack frames")'>Click to show all stack frames</a>
<div class='stack-trace' id='stack-trace1043177713'><pre>java.lang.AssertionError: expected [Password should contain at least 8 characters] but found [password_mismatch:The two password fields didn’t match.]
	at org.testng.Assert.fail(Assert.java:110)
	at org.testng.Assert.failNotEquals(Assert.java:1577)
	at org.testng.Assert.assertEqualsImpl(Assert.java:149)
	at org.testng.Assert.assertEquals(Assert.java:131)
	at org.testng.Assert.assertEquals(Assert.java:655)
	at org.testng.Assert.assertEquals(Assert.java:665)
	at com.numpyninja.cluelesscoders.stepdefinitions.Steps.it_should_display_an_error_message(Steps.java:185)
	at ✽.It should display an error message &quot;Password should contain at least 8 characters&quot;(file:///C:/Users/cnudr/git/dsAlgo/dsalgo-cucumber/./Features/registerPage.feature:97)
</pre></div></td>
<td>10</td>
<td>com.numpyninja.cluelesscoders.testrunner.TestRun@7c137fd5</td></tr>
</table><p>
<table width='100%' border='1' class='invocation-passed'>
<tr><td colspan='4' align='center'><b>PASSED TESTS</b></td></tr>
<tr><td><b>Test method</b></td>
<td><b>Attribute(s)</b></td>
<td width="30%"><b>Exception</b></td>
<td width="10%"><b>Time (seconds)</b></td>
<td><b>Instance</b></td>
</tr>
<tr>
<td title='com.numpyninja.cluelesscoders.testrunner.TestRun.runScenario()'><b>runScenario</b><br>Test class: com.numpyninja.cluelesscoders.testrunner.TestRun<br>Test method: Runs Cucumber Scenarios<br>Parameters: "Click on DataStructure DropDown without login", "Optional[Home]"</td>
<td></td>
<td>20</td>
<td>com.numpyninja.cluelesscoders.testrunner.TestRun@7c137fd5</td></tr>
<tr>
<td title='com.numpyninja.cluelesscoders.testrunner.TestRun.runScenario()'><b>runScenario</b><br>Test class: com.numpyninja.cluelesscoders.testrunner.TestRun<br>Test method: Runs Cucumber Scenarios<br>Parameters: "Click on DataStructure DropDown without login", "Optional[Home]"</td>
<td></td>
<td>19</td>
<td>com.numpyninja.cluelesscoders.testrunner.TestRun@7c137fd5</td></tr>
<tr>
<td title='com.numpyninja.cluelesscoders.testrunner.TestRun.runScenario()'><b>runScenario</b><br>Test class: com.numpyninja.cluelesscoders.testrunner.TestRun<br>Test method: Runs Cucumber Scenarios<br>Parameters: "Click on DataStructure DropDown without login", "Optional[Home]"</td>
<td></td>
<td>15</td>
<td>com.numpyninja.cluelesscoders.testrunner.TestRun@7c137fd5</td></tr>
<tr>
<td title='com.numpyninja.cluelesscoders.testrunner.TestRun.runScenario()'><b>runScenario</b><br>Test class: com.numpyninja.cluelesscoders.testrunner.TestRun<br>Test method: Runs Cucumber Scenarios<br>Parameters: "Check for empty field use case", "Optional[Register]"</td>
<td></td>
<td>16</td>
<td>com.numpyninja.cluelesscoders.testrunner.TestRun@7c137fd5</td></tr>
<tr>
<td title='com.numpyninja.cluelesscoders.testrunner.TestRun.runScenario()'><b>runScenario</b><br>Test class: com.numpyninja.cluelesscoders.testrunner.TestRun<br>Test method: Runs Cucumber Scenarios<br>Parameters: "User is able to navigate to Array next page", "Optional[Testing the Linked list page of the Ds algo application]"</td>
<td></td>
<td>28</td>
<td>com.numpyninja.cluelesscoders.testrunner.TestRun@7c137fd5</td></tr>
<tr>
<td title='com.numpyninja.cluelesscoders.testrunner.TestRun.runScenario()'><b>runScenario</b><br>Test class: com.numpyninja.cluelesscoders.testrunner.TestRun<br>Test method: Runs Cucumber Scenarios<br>Parameters: "Click on Get Started of Each DataStructure Section without login", "Optional[Home]"</td>
<td></td>
<td>8</td>
<td>com.numpyninja.cluelesscoders.testrunner.TestRun@7c137fd5</td></tr>
<tr>
<td title='com.numpyninja.cluelesscoders.testrunner.TestRun.runScenario()'><b>runScenario</b><br>Test class: com.numpyninja.cluelesscoders.testrunner.TestRun<br>Test method: Runs Cucumber Scenarios<br>Parameters: "Click Register", "Optional[Home]"</td>
<td></td>
<td>22</td>
<td>com.numpyninja.cluelesscoders.testrunner.TestRun@7c137fd5</td></tr>
<tr>
<td title='com.numpyninja.cluelesscoders.testrunner.TestRun.runScenario()'><b>runScenario</b><br>Test class: com.numpyninja.cluelesscoders.testrunner.TestRun<br>Test method: Runs Cucumber Scenarios<br>Parameters: "Click on DataStructure DropDown without login", "Optional[Home]"</td>
<td></td>
<td>8</td>
<td>com.numpyninja.cluelesscoders.testrunner.TestRun@7c137fd5</td></tr>
<tr>
<td title='com.numpyninja.cluelesscoders.testrunner.TestRun.runScenario()'><b>runScenario</b><br>Test class: com.numpyninja.cluelesscoders.testrunner.TestRun<br>Test method: Runs Cucumber Scenarios<br>Parameters: "Click on Get Started of Each DataStructure Section without login", "Optional[Home]"</td>
<td></td>
<td>13</td>
<td>com.numpyninja.cluelesscoders.testrunner.TestRun@7c137fd5</td></tr>
<tr>
<td title='com.numpyninja.cluelesscoders.testrunner.TestRun.runScenario()'><b>runScenario</b><br>Test class: com.numpyninja.cluelesscoders.testrunner.TestRun<br>Test method: Runs Cucumber Scenarios<br>Parameters: "Check for empty field use case", "Optional[Register]"</td>
<td></td>
<td>12</td>
<td>com.numpyninja.cluelesscoders.testrunner.TestRun@7c137fd5</td></tr>
<tr>
<td title='com.numpyninja.cluelesscoders.testrunner.TestRun.runScenario()'><b>runScenario</b><br>Test class: com.numpyninja.cluelesscoders.testrunner.TestRun<br>Test method: Runs Cucumber Scenarios<br>Parameters: "Check for Password mismatch", "Optional[Register]"</td>
<td></td>
<td>12</td>
<td>com.numpyninja.cluelesscoders.testrunner.TestRun@7c137fd5</td></tr>
<tr>
<td title='com.numpyninja.cluelesscoders.testrunner.TestRun.runScenario()'><b>runScenario</b><br>Test class: com.numpyninja.cluelesscoders.testrunner.TestRun<br>Test method: Runs Cucumber Scenarios<br>Parameters: "The user is able to navigate to Try Here page", "Optional[Testing Data Structure page of the DS algo application]"</td>
<td></td>
<td>28</td>
<td>com.numpyninja.cluelesscoders.testrunner.TestRun@7c137fd5</td></tr>
<tr>
<td title='com.numpyninja.cluelesscoders.testrunner.TestRun.runScenario()'><b>runScenario</b><br>Test class: com.numpyninja.cluelesscoders.testrunner.TestRun<br>Test method: Runs Cucumber Scenarios<br>Parameters: "Click on DataStructure DropDown without login", "Optional[Home]"</td>
<td></td>
<td>19</td>
<td>com.numpyninja.cluelesscoders.testrunner.TestRun@7c137fd5</td></tr>
<tr>
<td title='com.numpyninja.cluelesscoders.testrunner.TestRun.runScenario()'><b>runScenario</b><br>Test class: com.numpyninja.cluelesscoders.testrunner.TestRun<br>Test method: Runs Cucumber Scenarios<br>Parameters: "Check for empty field use case", "Optional[Register]"</td>
<td></td>
<td>11</td>
<td>com.numpyninja.cluelesscoders.testrunner.TestRun@7c137fd5</td></tr>
<tr>
<td title='com.numpyninja.cluelesscoders.testrunner.TestRun.runScenario()'><b>runScenario</b><br>Test class: com.numpyninja.cluelesscoders.testrunner.TestRun<br>Test method: Runs Cucumber Scenarios<br>Parameters: "Click on Get Started of Each DataStructure Section without login", "Optional[Home]"</td>
<td></td>
<td>8</td>
<td>com.numpyninja.cluelesscoders.testrunner.TestRun@7c137fd5</td></tr>
<tr>
<td title='com.numpyninja.cluelesscoders.testrunner.TestRun.runScenario()'><b>runScenario</b><br>Test class: com.numpyninja.cluelesscoders.testrunner.TestRun<br>Test method: Runs Cucumber Scenarios<br>Parameters: "Click Sign In", "Optional[Testing Signin page of the DS algo application]"</td>
<td></td>
<td>13</td>
<td>com.numpyninja.cluelesscoders.testrunner.TestRun@7c137fd5</td></tr>
<tr>
<td title='com.numpyninja.cluelesscoders.testrunner.TestRun.runScenario()'><b>runScenario</b><br>Test class: com.numpyninja.cluelesscoders.testrunner.TestRun<br>Test method: Runs Cucumber Scenarios<br>Parameters: "The user is able run valid code in tryEditor for Time Complexity page", "Optional[Testing Data Structure data driven page of the DS algo application]"</td>
<td></td>
<td>29</td>
<td>com.numpyninja.cluelesscoders.testrunner.TestRun@7c137fd5</td></tr>
<tr>
<td title='com.numpyninja.cluelesscoders.testrunner.TestRun.runScenario()'><b>runScenario</b><br>Test class: com.numpyninja.cluelesscoders.testrunner.TestRun<br>Test method: Runs Cucumber Scenarios<br>Parameters: "Click Sign In", "Optional[Home]"</td>
<td></td>
<td>21</td>
<td>com.numpyninja.cluelesscoders.testrunner.TestRun@7c137fd5</td></tr>
<tr>
<td title='com.numpyninja.cluelesscoders.testrunner.TestRun.runScenario()'><b>runScenario</b><br>Test class: com.numpyninja.cluelesscoders.testrunner.TestRun<br>Test method: Runs Cucumber Scenarios<br>Parameters: "Click on DataStructure DropDown without login", "Optional[Home]"</td>
<td></td>
<td>20</td>
<td>com.numpyninja.cluelesscoders.testrunner.TestRun@7c137fd5</td></tr>
<tr>
<td title='com.numpyninja.cluelesscoders.testrunner.TestRun.runScenario()'><b>runScenario</b><br>Test class: com.numpyninja.cluelesscoders.testrunner.TestRun<br>Test method: Runs Cucumber Scenarios<br>Parameters: "Verifying signout link", "Optional[Testing Signin page of the DS algo application]"</td>
<td></td>
<td>21</td>
<td>com.numpyninja.cluelesscoders.testrunner.TestRun@7c137fd5</td></tr>
<tr>
<td title='com.numpyninja.cluelesscoders.testrunner.TestRun.runScenario()'><b>runScenario</b><br>Test class: com.numpyninja.cluelesscoders.testrunner.TestRun<br>Test method: Runs Cucumber Scenarios<br>Parameters: "Click on Get Started of Each DataStructure Section without login", "Optional[Home]"</td>
<td></td>
<td>10</td>
<td>com.numpyninja.cluelesscoders.testrunner.TestRun@7c137fd5</td></tr>
<tr>
<td title='com.numpyninja.cluelesscoders.testrunner.TestRun.runScenario()'><b>runScenario</b><br>Test class: com.numpyninja.cluelesscoders.testrunner.TestRun<br>Test method: Runs Cucumber Scenarios<br>Parameters: "Click on Get Started of Each DataStructure Section without login", "Optional[Home]"</td>
<td></td>
<td>11</td>
<td>com.numpyninja.cluelesscoders.testrunner.TestRun@7c137fd5</td></tr>
<tr>
<td title='com.numpyninja.cluelesscoders.testrunner.TestRun.runScenario()'><b>runScenario</b><br>Test class: com.numpyninja.cluelesscoders.testrunner.TestRun<br>Test method: Runs Cucumber Scenarios<br>Parameters: "User is able to navigate to Tree using dropdown option", "Optional[Testing the Linked list page of the Ds algo application]"</td>
<td></td>
<td>52</td>
<td>com.numpyninja.cluelesscoders.testrunner.TestRun@7c137fd5</td></tr>
<tr>
<td title='com.numpyninja.cluelesscoders.testrunner.TestRun.runScenario()'><b>runScenario</b><br>Test class: com.numpyninja.cluelesscoders.testrunner.TestRun<br>Test method: Runs Cucumber Scenarios<br>Parameters: "The user is able to navigate to Data Structure introduction page", "Optional[Testing Data Structure page of the DS algo application]"</td>
<td></td>
<td>28</td>
<td>com.numpyninja.cluelesscoders.testrunner.TestRun@7c137fd5</td></tr>
<tr>
<td title='com.numpyninja.cluelesscoders.testrunner.TestRun.runScenario()'><b>runScenario</b><br>Test class: com.numpyninja.cluelesscoders.testrunner.TestRun<br>Test method: Runs Cucumber Scenarios<br>Parameters: "Check for empty field use case", "Optional[Register]"</td>
<td></td>
<td>14</td>
<td>com.numpyninja.cluelesscoders.testrunner.TestRun@7c137fd5</td></tr>
<tr>
<td title='com.numpyninja.cluelesscoders.testrunner.TestRun.runScenario()'><b>runScenario</b><br>Test class: com.numpyninja.cluelesscoders.testrunner.TestRun<br>Test method: Runs Cucumber Scenarios<br>Parameters: "Verifying Register link", "Optional[Testing Signin page of the DS algo application]"</td>
<td></td>
<td>13</td>
<td>com.numpyninja.cluelesscoders.testrunner.TestRun@7c137fd5</td></tr>
<tr>
<td title='com.numpyninja.cluelesscoders.testrunner.TestRun.runScenario()'><b>runScenario</b><br>Test class: com.numpyninja.cluelesscoders.testrunner.TestRun<br>Test method: Runs Cucumber Scenarios<br>Parameters: "Click on Get Started of Each DataStructure Section without login", "Optional[Home]"</td>
<td></td>
<td>14</td>
<td>com.numpyninja.cluelesscoders.testrunner.TestRun@7c137fd5</td></tr>
<tr>
<td title='com.numpyninja.cluelesscoders.testrunner.TestRun.runScenario()'><b>runScenario</b><br>Test class: com.numpyninja.cluelesscoders.testrunner.TestRun<br>Test method: Runs Cucumber Scenarios<br>Parameters: "The user is able to navigate to Time Complexity page", "Optional[Testing Data Structure page of the DS algo application]"</td>
<td></td>
<td>28</td>
<td>com.numpyninja.cluelesscoders.testrunner.TestRun@7c137fd5</td></tr>
<tr>
<td title='com.numpyninja.cluelesscoders.testrunner.TestRun.runScenario()'><b>runScenario</b><br>Test class: com.numpyninja.cluelesscoders.testrunner.TestRun<br>Test method: Runs Cucumber Scenarios<br>Parameters: "Click Sign In", "Optional[Testing Signin page of the DS algo application]"</td>
<td></td>
<td>13</td>
<td>com.numpyninja.cluelesscoders.testrunner.TestRun@7c137fd5</td></tr>
<tr>
<td title='com.numpyninja.cluelesscoders.testrunner.TestRun.runScenario()'><b>runScenario</b><br>Test class: com.numpyninja.cluelesscoders.testrunner.TestRun<br>Test method: Runs Cucumber Scenarios<br>Parameters: "Click Sign In", "Optional[Testing Signin page of the DS algo application]"</td>
<td></td>
<td>11</td>
<td>com.numpyninja.cluelesscoders.testrunner.TestRun@7c137fd5</td></tr>
<tr>
<td title='com.numpyninja.cluelesscoders.testrunner.TestRun.runScenario()'><b>runScenario</b><br>Test class: com.numpyninja.cluelesscoders.testrunner.TestRun<br>Test method: Runs Cucumber Scenarios<br>Parameters: "Click on Get Started of Each DataStructure Section without login", "Optional[Home]"</td>
<td></td>
<td>8</td>
<td>com.numpyninja.cluelesscoders.testrunner.TestRun@7c137fd5</td></tr>
</table><p>
</body>
</html>