<?xml version="1.0" encoding="UTF-8"?>
<!-- Generated by org.testng.reporters.JUnitReportReporter -->
<testsuite hostname="LAPTOP-RBLFDP3S" failures="5" tests="40" name="com.numpyninja.cluelesscoders.testrunner.TestRun" time="864.360" errors="3" timestamp="2023-08-24T11:13:58 PDT" skipped="0">
  <testcase classname="com.numpyninja.cluelesscoders.testrunner.TestRun" name="runScenario" time="42.368"/>
  <system-out/>
  <testcase classname="com.numpyninja.cluelesscoders.testrunner.TestRun" name="runScenario" time="13.907"/>
  <system-out/>
  <testcase classname="com.numpyninja.cluelesscoders.testrunner.TestRun" name="runScenario" time="15.455"/>
  <system-out/>
  <testcase classname="com.numpyninja.cluelesscoders.testrunner.TestRun" name="runScenario" time="11.507"/>
  <system-out/>
  <testcase classname="com.numpyninja.cluelesscoders.testrunner.TestRun" name="runScenario" time="25.636"/>
  <system-out/>
  <testcase classname="com.numpyninja.cluelesscoders.testrunner.TestRun" name="runScenario" time="27.373"/>
  <system-out/>
  <testcase classname="com.numpyninja.cluelesscoders.testrunner.TestRun" name="runScenario" time="37.885"/>
  <system-out/>
  <testcase classname="com.numpyninja.cluelesscoders.testrunner.TestRun" name="runScenario" time="31.017">
    <error message="element not interactable
  (Session info: chrome=115.0.5790.173)
Build info: version: &#039;4.9.0&#039;, revision: &#039;d7057100a6&#039;
System info: os.name: &#039;Windows 11&#039;, os.arch: &#039;amd64&#039;, os.version: &#039;10.0&#039;, java.version: &#039;17.0.4.1&#039;
Driver info: org.openqa.selenium.chrome.ChromeDriver
Command: [cc936aa957ee47af6494e5c636c1e93c, sendKeysToElement {id=3925D4E3E920A3F836661E81A7228B3A_element_45, value=[Ljava.lang.CharSequence;@470eaf97}]
Capabilities {acceptInsecureCerts: false, browserName: chrome, browserVersion: 115.0.5790.173, chrome: {chromedriverVersion: 114.0.5735.90 (386bc09e8f4f..., userDataDir: C:\Users\cnudr\AppData\Loca...}, goog:chromeOptions: {debuggerAddress: localhost:58183}, networkConnectionEnabled: false, pageLoadStrategy: normal, platformName: WINDOWS, proxy: Proxy(), se:cdp: ws://localhost:58183/devtoo..., se:cdpVersion: 115.0.5790.173, setWindowRect: true, strictFileInteractability: false, timeouts: {implicit: 0, pageLoad: 300000, script: 30000}, unhandledPromptBehavior: dismiss and notify, webauthn:extension:credBlob: true, webauthn:extension:largeBlob: true, webauthn:extension:minPinLength: true, webauthn:extension:prf: true, webauthn:virtualAuthenticators: true}
Element: [[ChromeDriver: chrome on WINDOWS (cc936aa957ee47af6494e5c636c1e93c)] -&gt; xpath: //div[contains(@class, &#039;CodeMirror&#039;)]/div/textarea]
Session ID: cc936aa957ee47af6494e5c636c1e93c" type="org.openqa.selenium.ElementNotInteractableException">
      <![CDATA[org.openqa.selenium.ElementNotInteractableException: element not interactable
  (Session info: chrome=115.0.5790.173)
Build info: version: '4.9.0', revision: 'd7057100a6'
System info: os.name: 'Windows 11', os.arch: 'amd64', os.version: '10.0', java.version: '17.0.4.1'
Driver info: org.openqa.selenium.chrome.ChromeDriver
Command: [cc936aa957ee47af6494e5c636c1e93c, sendKeysToElement {id=3925D4E3E920A3F836661E81A7228B3A_element_45, value=[Ljava.lang.CharSequence;@470eaf97}]
Capabilities {acceptInsecureCerts: false, browserName: chrome, browserVersion: 115.0.5790.173, chrome: {chromedriverVersion: 114.0.5735.90 (386bc09e8f4f..., userDataDir: C:\Users\cnudr\AppData\Loca...}, goog:chromeOptions: {debuggerAddress: localhost:58183}, networkConnectionEnabled: false, pageLoadStrategy: normal, platformName: WINDOWS, proxy: Proxy(), se:cdp: ws://localhost:58183/devtoo..., se:cdpVersion: 115.0.5790.173, setWindowRect: true, strictFileInteractability: false, timeouts: {implicit: 0, pageLoad: 300000, script: 30000}, unhandledPromptBehavior: dismiss and notify, webauthn:extension:credBlob: true, webauthn:extension:largeBlob: true, webauthn:extension:minPinLength: true, webauthn:extension:prf: true, webauthn:virtualAuthenticators: true}
Element: [[ChromeDriver: chrome on WINDOWS (cc936aa957ee47af6494e5c636c1e93c)] -> xpath: //div[contains(@class, 'CodeMirror')]/div/textarea]
Session ID: cc936aa957ee47af6494e5c636c1e93c
at java.base/jdk.internal.reflect.NativeConstructorAccessorImpl.newInstance0(Native Method)
at java.base/jdk.internal.reflect.NativeConstructorAccessorImpl.newInstance(NativeConstructorAccessorImpl.java:77)
at java.base/jdk.internal.reflect.DelegatingConstructorAccessorImpl.newInstance(DelegatingConstructorAccessorImpl.java:45)
at java.base/java.lang.reflect.Constructor.newInstanceWithCaller(Constructor.java:499)
at java.base/java.lang.reflect.Constructor.newInstance(Constructor.java:480)
at org.openqa.selenium.remote.codec.w3c.W3CHttpResponseCodec.createException(W3CHttpResponseCodec.java:200)
at org.openqa.selenium.remote.codec.w3c.W3CHttpResponseCodec.decode(W3CHttpResponseCodec.java:133)
at org.openqa.selenium.remote.codec.w3c.W3CHttpResponseCodec.decode(W3CHttpResponseCodec.java:53)
at org.openqa.selenium.remote.HttpCommandExecutor.execute(HttpCommandExecutor.java:193)
at org.openqa.selenium.remote.service.DriverCommandExecutor.invokeExecute(DriverCommandExecutor.java:183)
at org.openqa.selenium.remote.service.DriverCommandExecutor.execute(DriverCommandExecutor.java:158)
at org.openqa.selenium.remote.RemoteWebDriver.execute(RemoteWebDriver.java:543)
at org.openqa.selenium.remote.RemoteWebElement.execute(RemoteWebElement.java:257)
at org.openqa.selenium.remote.RemoteWebElement.sendKeys(RemoteWebElement.java:113)
at com.numpyninja.cluelesscoders.pageobjects.StackPage.clickonTopics(StackPage.java:69)
at com.numpyninja.cluelesscoders.stepdefinitions.Steps.user_click_on_topics_covered_with_links(Steps.java:345)
at ✽.User click on topics covered with "Introduction,Creating Linked LIst,Types of Linked List,Implement Linked List in Python,Traversal,Insertion,Deletion" links(file:///C:/Users/cnudr/git/dsAlgo/dsalgo-cucumber/./Features/linkedlist.feature:18)
]]>
    </error>
  </testcase> <!-- runScenario -->
  <system-out/>
  <testcase classname="com.numpyninja.cluelesscoders.testrunner.TestRun" name="runScenario" time="16.437"/>
  <system-out/>
  <testcase classname="com.numpyninja.cluelesscoders.testrunner.TestRun" name="runScenario" time="17.596">
    <failure message="expected [password can’t be too similar to your other personal information.] but found [password_mismatch:The two password fields didn’t match.]" type="java.lang.AssertionError">
      <![CDATA[java.lang.AssertionError: expected [password can’t be too similar to your other personal information.] but found [password_mismatch:The two password fields didn’t match.]
at org.testng.Assert.fail(Assert.java:110)
at org.testng.Assert.failNotEquals(Assert.java:1577)
at org.testng.Assert.assertEqualsImpl(Assert.java:149)
at org.testng.Assert.assertEquals(Assert.java:131)
at org.testng.Assert.assertEquals(Assert.java:655)
at org.testng.Assert.assertEquals(Assert.java:665)
at com.numpyninja.cluelesscoders.stepdefinitions.Steps.it_should_display_an_error_message(Steps.java:185)
at ✽.It should display an error message "password can’t be too similar to your other personal information."(file:///C:/Users/cnudr/git/dsAlgo/dsalgo-cucumber/./Features/registerPage.feature:65)
]]>
    </failure>
  </testcase> <!-- runScenario -->
  <system-out/>
  <testcase classname="com.numpyninja.cluelesscoders.testrunner.TestRun" name="runScenario" time="16.987"/>
  <system-out/>
  <testcase classname="com.numpyninja.cluelesscoders.testrunner.TestRun" name="runScenario" time="15.682"/>
  <system-out/>
  <testcase classname="com.numpyninja.cluelesscoders.testrunner.TestRun" name="runScenario" time="17.399"/>
  <system-out/>
  <testcase classname="com.numpyninja.cluelesscoders.testrunner.TestRun" name="runScenario" time="19.929"/>
  <system-out/>
  <testcase classname="com.numpyninja.cluelesscoders.testrunner.TestRun" name="runScenario" time="9.384">
    <failure message="expected [Password should contain at least 8 characters] but found [password_mismatch:The two password fields didn’t match.]" type="java.lang.AssertionError">
      <![CDATA[java.lang.AssertionError: expected [Password should contain at least 8 characters] but found [password_mismatch:The two password fields didn’t match.]
at org.testng.Assert.fail(Assert.java:110)
at org.testng.Assert.failNotEquals(Assert.java:1577)
at org.testng.Assert.assertEqualsImpl(Assert.java:149)
at org.testng.Assert.assertEquals(Assert.java:131)
at org.testng.Assert.assertEquals(Assert.java:655)
at org.testng.Assert.assertEquals(Assert.java:665)
at com.numpyninja.cluelesscoders.stepdefinitions.Steps.it_should_display_an_error_message(Steps.java:185)
at ✽.It should display an error message "Password should contain at least 8 characters"(file:///C:/Users/cnudr/git/dsAlgo/dsalgo-cucumber/./Features/registerPage.feature:97)
]]>
    </failure>
  </testcase> <!-- runScenario -->
  <system-out/>
  <testcase classname="com.numpyninja.cluelesscoders.testrunner.TestRun" name="runScenario" time="24.321"/>
  <system-out/>
  <testcase classname="com.numpyninja.cluelesscoders.testrunner.TestRun" name="runScenario" time="12.997"/>
  <system-out/>
  <testcase classname="com.numpyninja.cluelesscoders.testrunner.TestRun" name="runScenario" time="14.902">
    <error message="Could not start a new session. Response code 500. Message: session not created
from no such execution context: uniqueContextId not found
  (Session info: chrome=115.0.5790.173) 
Host info: host: &#039;LAPTOP-RBLFDP3S&#039;, ip: &#039;192.168.1.6&#039;
Build info: version: &#039;4.9.0&#039;, revision: &#039;d7057100a6&#039;
System info: os.name: &#039;Windows 11&#039;, os.arch: &#039;amd64&#039;, os.version: &#039;10.0&#039;, java.version: &#039;17.0.4.1&#039;
Driver info: org.openqa.selenium.chrome.ChromeDriver
Command: [null, newSession {capabilities=[Capabilities {browserName: chrome, goog:chromeOptions: {args: [--remote-allow-origins=*], extensions: []}}]}]" type="org.openqa.selenium.SessionNotCreatedException">
      <![CDATA[org.openqa.selenium.SessionNotCreatedException: Could not start a new session. Response code 500. Message: session not created
from no such execution context: uniqueContextId not found
  (Session info: chrome=115.0.5790.173) 
Host info: host: 'LAPTOP-RBLFDP3S', ip: '192.168.1.6'
Build info: version: '4.9.0', revision: 'd7057100a6'
System info: os.name: 'Windows 11', os.arch: 'amd64', os.version: '10.0', java.version: '17.0.4.1'
Driver info: org.openqa.selenium.chrome.ChromeDriver
Command: [null, newSession {capabilities=[Capabilities {browserName: chrome, goog:chromeOptions: {args: [--remote-allow-origins=*], extensions: []}}]}]
at org.openqa.selenium.remote.ProtocolHandshake.createSession(ProtocolHandshake.java:136)
at org.openqa.selenium.remote.ProtocolHandshake.createSession(ProtocolHandshake.java:94)
at org.openqa.selenium.remote.ProtocolHandshake.createSession(ProtocolHandshake.java:68)
at org.openqa.selenium.remote.HttpCommandExecutor.execute(HttpCommandExecutor.java:165)
at org.openqa.selenium.remote.service.DriverCommandExecutor.invokeExecute(DriverCommandExecutor.java:183)
at org.openqa.selenium.remote.service.DriverCommandExecutor.execute(DriverCommandExecutor.java:158)
at org.openqa.selenium.remote.RemoteWebDriver.execute(RemoteWebDriver.java:543)
at org.openqa.selenium.remote.RemoteWebDriver.startSession(RemoteWebDriver.java:229)
at org.openqa.selenium.remote.RemoteWebDriver.<init>(RemoteWebDriver.java:157)
at org.openqa.selenium.chromium.ChromiumDriver.<init>(ChromiumDriver.java:101)
at org.openqa.selenium.chrome.ChromeDriver.<init>(ChromeDriver.java:88)
at org.openqa.selenium.chrome.ChromeDriver.<init>(ChromeDriver.java:84)
at org.openqa.selenium.chrome.ChromeDriver.<init>(ChromeDriver.java:52)
at com.numpyninja.cluelesscoders.stepdefinitions.Steps.setup(Steps.java:55)
]]>
    </error>
  </testcase> <!-- runScenario -->
  <system-out/>
  <testcase classname="com.numpyninja.cluelesscoders.testrunner.TestRun" name="runScenario" time="14.703">
    <error message="element not interactable
  (Session info: chrome=115.0.5790.173)
Build info: version: &#039;4.9.0&#039;, revision: &#039;d7057100a6&#039;
System info: os.name: &#039;Windows 11&#039;, os.arch: &#039;amd64&#039;, os.version: &#039;10.0&#039;, java.version: &#039;17.0.4.1&#039;
Driver info: org.openqa.selenium.chrome.ChromeDriver
Command: [630eab7ac42e06490c560a0527b5bf21, sendKeysToElement {id=0C86EB401BD243DAB18D6DC918DFA109_element_41, value=[Ljava.lang.CharSequence;@242e77c1}]
Capabilities {acceptInsecureCerts: false, browserName: chrome, browserVersion: 115.0.5790.173, chrome: {chromedriverVersion: 114.0.5735.90 (386bc09e8f4f..., userDataDir: C:\Users\cnudr\AppData\Loca...}, goog:chromeOptions: {debuggerAddress: localhost:58609}, networkConnectionEnabled: false, pageLoadStrategy: normal, platformName: WINDOWS, proxy: Proxy(), se:cdp: ws://localhost:58609/devtoo..., se:cdpVersion: 115.0.5790.173, setWindowRect: true, strictFileInteractability: false, timeouts: {implicit: 0, pageLoad: 300000, script: 30000}, unhandledPromptBehavior: dismiss and notify, webauthn:extension:credBlob: true, webauthn:extension:largeBlob: true, webauthn:extension:minPinLength: true, webauthn:extension:prf: true, webauthn:virtualAuthenticators: true}
Element: [[ChromeDriver: chrome on WINDOWS (630eab7ac42e06490c560a0527b5bf21)] -&gt; xpath: //div[contains(@class, &#039;CodeMirror&#039;)]/div/textarea]
Session ID: 630eab7ac42e06490c560a0527b5bf21" type="org.openqa.selenium.ElementNotInteractableException">
      <![CDATA[org.openqa.selenium.ElementNotInteractableException: element not interactable
  (Session info: chrome=115.0.5790.173)
Build info: version: '4.9.0', revision: 'd7057100a6'
System info: os.name: 'Windows 11', os.arch: 'amd64', os.version: '10.0', java.version: '17.0.4.1'
Driver info: org.openqa.selenium.chrome.ChromeDriver
Command: [630eab7ac42e06490c560a0527b5bf21, sendKeysToElement {id=0C86EB401BD243DAB18D6DC918DFA109_element_41, value=[Ljava.lang.CharSequence;@242e77c1}]
Capabilities {acceptInsecureCerts: false, browserName: chrome, browserVersion: 115.0.5790.173, chrome: {chromedriverVersion: 114.0.5735.90 (386bc09e8f4f..., userDataDir: C:\Users\cnudr\AppData\Loca...}, goog:chromeOptions: {debuggerAddress: localhost:58609}, networkConnectionEnabled: false, pageLoadStrategy: normal, platformName: WINDOWS, proxy: Proxy(), se:cdp: ws://localhost:58609/devtoo..., se:cdpVersion: 115.0.5790.173, setWindowRect: true, strictFileInteractability: false, timeouts: {implicit: 0, pageLoad: 300000, script: 30000}, unhandledPromptBehavior: dismiss and notify, webauthn:extension:credBlob: true, webauthn:extension:largeBlob: true, webauthn:extension:minPinLength: true, webauthn:extension:prf: true, webauthn:virtualAuthenticators: true}
Element: [[ChromeDriver: chrome on WINDOWS (630eab7ac42e06490c560a0527b5bf21)] -> xpath: //div[contains(@class, 'CodeMirror')]/div/textarea]
Session ID: 630eab7ac42e06490c560a0527b5bf21
at java.base/jdk.internal.reflect.NativeConstructorAccessorImpl.newInstance0(Native Method)
at java.base/jdk.internal.reflect.NativeConstructorAccessorImpl.newInstance(NativeConstructorAccessorImpl.java:77)
at java.base/jdk.internal.reflect.DelegatingConstructorAccessorImpl.newInstance(DelegatingConstructorAccessorImpl.java:45)
at java.base/java.lang.reflect.Constructor.newInstanceWithCaller(Constructor.java:499)
at java.base/java.lang.reflect.Constructor.newInstance(Constructor.java:480)
at org.openqa.selenium.remote.codec.w3c.W3CHttpResponseCodec.createException(W3CHttpResponseCodec.java:200)
at org.openqa.selenium.remote.codec.w3c.W3CHttpResponseCodec.decode(W3CHttpResponseCodec.java:133)
at org.openqa.selenium.remote.codec.w3c.W3CHttpResponseCodec.decode(W3CHttpResponseCodec.java:53)
at org.openqa.selenium.remote.HttpCommandExecutor.execute(HttpCommandExecutor.java:193)
at org.openqa.selenium.remote.service.DriverCommandExecutor.invokeExecute(DriverCommandExecutor.java:183)
at org.openqa.selenium.remote.service.DriverCommandExecutor.execute(DriverCommandExecutor.java:158)
at org.openqa.selenium.remote.RemoteWebDriver.execute(RemoteWebDriver.java:543)
at org.openqa.selenium.remote.RemoteWebElement.execute(RemoteWebElement.java:257)
at org.openqa.selenium.remote.RemoteWebElement.sendKeys(RemoteWebElement.java:113)
at com.numpyninja.cluelesscoders.pageobjects.StackPage.clickonTopics(StackPage.java:69)
at com.numpyninja.cluelesscoders.stepdefinitions.Steps.user_click_on_topics_covered_with_links(Steps.java:345)
at ✽.User click on topics covered with "Operations in Stack,Implementation,Applications" links(file:///C:/Users/cnudr/git/dsAlgo/dsalgo-cucumber/./Features/stack.feature:18)
]]>
    </error>
  </testcase> <!-- runScenario -->
  <system-out/>
  <testcase classname="com.numpyninja.cluelesscoders.testrunner.TestRun" name="runScenario" time="37.735"/>
  <system-out/>
  <testcase classname="com.numpyninja.cluelesscoders.testrunner.TestRun" name="runScenario" time="21.406"/>
  <system-out/>
  <testcase classname="com.numpyninja.cluelesscoders.testrunner.TestRun" name="runScenario" time="17.298"/>
  <system-out/>
  <testcase classname="com.numpyninja.cluelesscoders.testrunner.TestRun" name="runScenario" time="14.212"/>
  <system-out/>
  <testcase classname="com.numpyninja.cluelesscoders.testrunner.TestRun" name="runScenario" time="27.667"/>
  <system-out/>
  <testcase classname="com.numpyninja.cluelesscoders.testrunner.TestRun" name="runScenario" time="30.248"/>
  <system-out/>
  <testcase classname="com.numpyninja.cluelesscoders.testrunner.TestRun" name="runScenario" time="42.892"/>
  <system-out/>
  <testcase classname="com.numpyninja.cluelesscoders.testrunner.TestRun" name="runScenario" time="17.975"/>
  <system-out/>
  <testcase classname="com.numpyninja.cluelesscoders.testrunner.TestRun" name="runScenario" time="8.885"/>
  <system-out/>
  <testcase classname="com.numpyninja.cluelesscoders.testrunner.TestRun" name="runScenario" time="14.632">
    <failure message="expected [Password can’t be commonly used password] but found [password_mismatch:The two password fields didn’t match.]" type="java.lang.AssertionError">
      <![CDATA[java.lang.AssertionError: expected [Password can’t be commonly used password] but found [password_mismatch:The two password fields didn’t match.]
at org.testng.Assert.fail(Assert.java:110)
at org.testng.Assert.failNotEquals(Assert.java:1577)
at org.testng.Assert.assertEqualsImpl(Assert.java:149)
at org.testng.Assert.assertEquals(Assert.java:131)
at org.testng.Assert.assertEquals(Assert.java:655)
at org.testng.Assert.assertEquals(Assert.java:665)
at com.numpyninja.cluelesscoders.stepdefinitions.Steps.it_should_display_an_error_message(Steps.java:185)
at ✽.It should display an error message "Password can’t be commonly used password"(file:///C:/Users/cnudr/git/dsAlgo/dsalgo-cucumber/./Features/registerPage.feature:81)
]]>
    </failure>
  </testcase> <!-- runScenario -->
  <system-out/>
  <testcase classname="com.numpyninja.cluelesscoders.testrunner.TestRun" name="runScenario" time="9.072">
    <failure message="expected [New Account Created. You are logged in as Siri1231] but found [password_mismatch:The two password fields didn’t match.]" type="java.lang.AssertionError">
      <![CDATA[java.lang.AssertionError: expected [New Account Created. You are logged in as Siri1231] but found [password_mismatch:The two password fields didn’t match.]
at org.testng.Assert.fail(Assert.java:110)
at org.testng.Assert.failNotEquals(Assert.java:1577)
at org.testng.Assert.assertEqualsImpl(Assert.java:149)
at org.testng.Assert.assertEquals(Assert.java:131)
at org.testng.Assert.assertEquals(Assert.java:655)
at org.testng.Assert.assertEquals(Assert.java:665)
at com.numpyninja.cluelesscoders.stepdefinitions.Steps.the_user_should_be_redirected_to_homepage_with_the_message(Steps.java:191)
at ✽.The user should be redirected to Homepage with the message "New Account Created. You are logged in as Siri1231"(file:///C:/Users/cnudr/git/dsAlgo/dsalgo-cucumber/./Features/registerPage.feature:114)
]]>
    </failure>
  </testcase> <!-- runScenario -->
  <system-out/>
  <testcase classname="com.numpyninja.cluelesscoders.testrunner.TestRun" name="runScenario" time="25.686"/>
  <system-out/>
  <testcase classname="com.numpyninja.cluelesscoders.testrunner.TestRun" name="runScenario" time="14.662"/>
  <system-out/>
  <testcase classname="com.numpyninja.cluelesscoders.testrunner.TestRun" name="runScenario" time="25.858"/>
  <system-out/>
  <testcase classname="com.numpyninja.cluelesscoders.testrunner.TestRun" name="runScenario" time="16.031"/>
  <system-out/>
  <testcase classname="com.numpyninja.cluelesscoders.testrunner.TestRun" name="runScenario" time="55.078"/>
  <system-out/>
  <testcase classname="com.numpyninja.cluelesscoders.testrunner.TestRun" name="runScenario" time="15.759"/>
  <system-out/>
  <testcase classname="com.numpyninja.cluelesscoders.testrunner.TestRun" name="runScenario" time="30.219"/>
  <system-out/>
  <testcase classname="com.numpyninja.cluelesscoders.testrunner.TestRun" name="runScenario" time="15.860"/>
  <system-out/>
  <testcase classname="com.numpyninja.cluelesscoders.testrunner.TestRun" name="runScenario" time="11.995">
    <failure message="expected [Password can’t be entirely numeric.] but found [password_mismatch:The two password fields didn’t match.]" type="java.lang.AssertionError">
      <![CDATA[java.lang.AssertionError: expected [Password can’t be entirely numeric.] but found [password_mismatch:The two password fields didn’t match.]
at org.testng.Assert.fail(Assert.java:110)
at org.testng.Assert.failNotEquals(Assert.java:1577)
at org.testng.Assert.assertEqualsImpl(Assert.java:149)
at org.testng.Assert.assertEquals(Assert.java:131)
at org.testng.Assert.assertEquals(Assert.java:655)
at org.testng.Assert.assertEquals(Assert.java:665)
at com.numpyninja.cluelesscoders.stepdefinitions.Steps.it_should_display_an_error_message(Steps.java:185)
at ✽.It should display an error message "Password can’t be entirely numeric."(file:///C:/Users/cnudr/git/dsAlgo/dsalgo-cucumber/./Features/registerPage.feature:49)
]]>
    </failure>
  </testcase> <!-- runScenario -->
  <system-out/>
  <testcase classname="com.numpyninja.cluelesscoders.testrunner.TestRun" name="runScenario" time="25.705"/>
  <system-out/>
</testsuite> <!-- com.numpyninja.cluelesscoders.testrunner.TestRun -->
