<?xml version="1.0" encoding="UTF-8"?>
<!-- Generated by org.testng.reporters.JUnitReportReporter -->
<testsuite hostname="LAPTOP-RBLFDP3S" failures="5" tests="71" name="com.numpyninja.cluelesscoders.testrunner.TestRun" time="1132.965" errors="0" timestamp="2023-08-29T19:05:10 PDT" skipped="0">
  <testcase classname="com.numpyninja.cluelesscoders.testrunner.TestRun" name="runScenario" time="26.170"/>
  <system-out/>
  <testcase classname="com.numpyninja.cluelesscoders.testrunner.TestRun" name="runScenario" time="10.925"/>
  <system-out/>
  <testcase classname="com.numpyninja.cluelesscoders.testrunner.TestRun" name="runScenario" time="9.769"/>
  <system-out/>
  <testcase classname="com.numpyninja.cluelesscoders.testrunner.TestRun" name="runScenario" time="12.452"/>
  <system-out/>
  <testcase classname="com.numpyninja.cluelesscoders.testrunner.TestRun" name="runScenario" time="11.345"/>
  <system-out/>
  <testcase classname="com.numpyninja.cluelesscoders.testrunner.TestRun" name="runScenario" time="18.666"/>
  <system-out/>
  <testcase classname="com.numpyninja.cluelesscoders.testrunner.TestRun" name="runScenario" time="11.519"/>
  <system-out/>
  <testcase classname="com.numpyninja.cluelesscoders.testrunner.TestRun" name="runScenario" time="15.731"/>
  <system-out/>
  <testcase classname="com.numpyninja.cluelesscoders.testrunner.TestRun" name="runScenario" time="17.773"/>
  <system-out/>
  <testcase classname="com.numpyninja.cluelesscoders.testrunner.TestRun" name="runScenario" time="22.565"/>
  <system-out/>
  <testcase classname="com.numpyninja.cluelesscoders.testrunner.TestRun" name="runScenario" time="19.386"/>
  <system-out/>
  <testcase classname="com.numpyninja.cluelesscoders.testrunner.TestRun" name="runScenario" time="13.395"/>
  <system-out/>
  <testcase classname="com.numpyninja.cluelesscoders.testrunner.TestRun" name="runScenario" time="16.401"/>
  <system-out/>
  <testcase classname="com.numpyninja.cluelesscoders.testrunner.TestRun" name="runScenario" time="14.846"/>
  <system-out/>
  <testcase classname="com.numpyninja.cluelesscoders.testrunner.TestRun" name="runScenario" time="27.932"/>
  <system-out/>
  <testcase classname="com.numpyninja.cluelesscoders.testrunner.TestRun" name="runScenario" time="10.351"/>
  <system-out/>
  <testcase classname="com.numpyninja.cluelesscoders.testrunner.TestRun" name="runScenario" time="14.957"/>
  <system-out/>
  <testcase classname="com.numpyninja.cluelesscoders.testrunner.TestRun" name="runScenario" time="8.273"/>
  <system-out/>
  <testcase classname="com.numpyninja.cluelesscoders.testrunner.TestRun" name="runScenario" time="11.618"/>
  <system-out/>
  <testcase classname="com.numpyninja.cluelesscoders.testrunner.TestRun" name="runScenario" time="15.713"/>
  <system-out/>
  <testcase classname="com.numpyninja.cluelesscoders.testrunner.TestRun" name="runScenario" time="7.077"/>
  <system-out/>
  <testcase classname="com.numpyninja.cluelesscoders.testrunner.TestRun" name="runScenario" time="10.028"/>
  <system-out/>
  <testcase classname="com.numpyninja.cluelesscoders.testrunner.TestRun" name="runScenario" time="20.148"/>
  <system-out/>
  <testcase classname="com.numpyninja.cluelesscoders.testrunner.TestRun" name="runScenario" time="13.463"/>
  <system-out/>
  <testcase classname="com.numpyninja.cluelesscoders.testrunner.TestRun" name="runScenario" time="15.729"/>
  <system-out/>
  <testcase classname="com.numpyninja.cluelesscoders.testrunner.TestRun" name="runScenario" time="17.295"/>
  <system-out/>
  <testcase classname="com.numpyninja.cluelesscoders.testrunner.TestRun" name="runScenario" time="8.604">
    <failure message="expected [password can’t be too similar to your other personal information.] but found [password_mismatch:The two password fields didn’t match.]" type="java.lang.AssertionError">
      <![CDATA[java.lang.AssertionError: expected [password can’t be too similar to your other personal information.] but found [password_mismatch:The two password fields didn’t match.]
at org.testng.Assert.fail(Assert.java:110)
at org.testng.Assert.failNotEquals(Assert.java:1577)
at org.testng.Assert.assertEqualsImpl(Assert.java:149)
at org.testng.Assert.assertEquals(Assert.java:131)
at org.testng.Assert.assertEquals(Assert.java:655)
at org.testng.Assert.assertEquals(Assert.java:665)
at com.numpyninja.cluelesscoders.stepdefinitions.Steps.it_should_display_an_error_message(Steps.java:178)
at ✽.It should display an error message "password can’t be too similar to your other personal information."(file:///C:/Users/cnudr/git/dsAlgo/./Features/registerPage.feature:65)
]]>
    </failure>
  </testcase> <!-- runScenario -->
  <system-out/>
  <testcase classname="com.numpyninja.cluelesscoders.testrunner.TestRun" name="runScenario" time="9.801"/>
  <system-out/>
  <testcase classname="com.numpyninja.cluelesscoders.testrunner.TestRun" name="runScenario" time="14.500"/>
  <system-out/>
  <testcase classname="com.numpyninja.cluelesscoders.testrunner.TestRun" name="runScenario" time="8.681"/>
  <system-out/>
  <testcase classname="com.numpyninja.cluelesscoders.testrunner.TestRun" name="runScenario" time="28.952"/>
  <system-out/>
  <testcase classname="com.numpyninja.cluelesscoders.testrunner.TestRun" name="runScenario" time="9.044"/>
  <system-out/>
  <testcase classname="com.numpyninja.cluelesscoders.testrunner.TestRun" name="runScenario" time="14.279"/>
  <system-out/>
  <testcase classname="com.numpyninja.cluelesscoders.testrunner.TestRun" name="runScenario" time="22.991"/>
  <system-out/>
  <testcase classname="com.numpyninja.cluelesscoders.testrunner.TestRun" name="runScenario" time="20.646"/>
  <system-out/>
  <testcase classname="com.numpyninja.cluelesscoders.testrunner.TestRun" name="runScenario" time="6.833">
    <failure message="expected [Password should contain at least 8 characters] but found [password_mismatch:The two password fields didn’t match.]" type="java.lang.AssertionError">
      <![CDATA[java.lang.AssertionError: expected [Password should contain at least 8 characters] but found [password_mismatch:The two password fields didn’t match.]
at org.testng.Assert.fail(Assert.java:110)
at org.testng.Assert.failNotEquals(Assert.java:1577)
at org.testng.Assert.assertEqualsImpl(Assert.java:149)
at org.testng.Assert.assertEquals(Assert.java:131)
at org.testng.Assert.assertEquals(Assert.java:655)
at org.testng.Assert.assertEquals(Assert.java:665)
at com.numpyninja.cluelesscoders.stepdefinitions.Steps.it_should_display_an_error_message(Steps.java:178)
at ✽.It should display an error message "Password should contain at least 8 characters"(file:///C:/Users/cnudr/git/dsAlgo/./Features/registerPage.feature:97)
]]>
    </failure>
  </testcase> <!-- runScenario -->
  <system-out/>
  <testcase classname="com.numpyninja.cluelesscoders.testrunner.TestRun" name="runScenario" time="23.724"/>
  <system-out/>
  <testcase classname="com.numpyninja.cluelesscoders.testrunner.TestRun" name="runScenario" time="13.385"/>
  <system-out/>
  <testcase classname="com.numpyninja.cluelesscoders.testrunner.TestRun" name="runScenario" time="5.774"/>
  <system-out/>
  <testcase classname="com.numpyninja.cluelesscoders.testrunner.TestRun" name="runScenario" time="20.005"/>
  <system-out/>
  <testcase classname="com.numpyninja.cluelesscoders.testrunner.TestRun" name="runScenario" time="23.398"/>
  <system-out/>
  <testcase classname="com.numpyninja.cluelesscoders.testrunner.TestRun" name="runScenario" time="17.034"/>
  <system-out/>
  <testcase classname="com.numpyninja.cluelesscoders.testrunner.TestRun" name="runScenario" time="20.775"/>
  <system-out/>
  <testcase classname="com.numpyninja.cluelesscoders.testrunner.TestRun" name="runScenario" time="26.668"/>
  <system-out/>
  <testcase classname="com.numpyninja.cluelesscoders.testrunner.TestRun" name="runScenario" time="14.491"/>
  <system-out/>
  <testcase classname="com.numpyninja.cluelesscoders.testrunner.TestRun" name="runScenario" time="17.421"/>
  <system-out/>
  <testcase classname="com.numpyninja.cluelesscoders.testrunner.TestRun" name="runScenario" time="5.877"/>
  <system-out/>
  <testcase classname="com.numpyninja.cluelesscoders.testrunner.TestRun" name="runScenario" time="7.735"/>
  <system-out/>
  <testcase classname="com.numpyninja.cluelesscoders.testrunner.TestRun" name="runScenario" time="17.620"/>
  <system-out/>
  <testcase classname="com.numpyninja.cluelesscoders.testrunner.TestRun" name="runScenario" time="14.600"/>
  <system-out/>
  <testcase classname="com.numpyninja.cluelesscoders.testrunner.TestRun" name="runScenario" time="11.659">
    <failure message="expected [New Account Created. You are logged in as Siri1234] but found [password_mismatch:The two password fields didn’t match.]" type="java.lang.AssertionError">
      <![CDATA[java.lang.AssertionError: expected [New Account Created. You are logged in as Siri1234] but found [password_mismatch:The two password fields didn’t match.]
at org.testng.Assert.fail(Assert.java:110)
at org.testng.Assert.failNotEquals(Assert.java:1577)
at org.testng.Assert.assertEqualsImpl(Assert.java:149)
at org.testng.Assert.assertEquals(Assert.java:131)
at org.testng.Assert.assertEquals(Assert.java:655)
at org.testng.Assert.assertEquals(Assert.java:665)
at com.numpyninja.cluelesscoders.stepdefinitions.Steps.the_user_should_be_redirected_to_homepage_with_the_message(Steps.java:184)
at ✽.The user should be redirected to Homepage with the message "New Account Created. You are logged in as Siri1234"(file:///C:/Users/cnudr/git/dsAlgo/./Features/registerPage.feature:114)
]]>
    </failure>
  </testcase> <!-- runScenario -->
  <system-out/>
  <testcase classname="com.numpyninja.cluelesscoders.testrunner.TestRun" name="runScenario" time="14.563">
    <failure message="expected [Password can’t be commonly used password] but found [password_mismatch:The two password fields didn’t match.]" type="java.lang.AssertionError">
      <![CDATA[java.lang.AssertionError: expected [Password can’t be commonly used password] but found [password_mismatch:The two password fields didn’t match.]
at org.testng.Assert.fail(Assert.java:110)
at org.testng.Assert.failNotEquals(Assert.java:1577)
at org.testng.Assert.assertEqualsImpl(Assert.java:149)
at org.testng.Assert.assertEquals(Assert.java:131)
at org.testng.Assert.assertEquals(Assert.java:655)
at org.testng.Assert.assertEquals(Assert.java:665)
at com.numpyninja.cluelesscoders.stepdefinitions.Steps.it_should_display_an_error_message(Steps.java:178)
at ✽.It should display an error message "Password can’t be commonly used password"(file:///C:/Users/cnudr/git/dsAlgo/./Features/registerPage.feature:81)
]]>
    </failure>
  </testcase> <!-- runScenario -->
  <system-out/>
  <testcase classname="com.numpyninja.cluelesscoders.testrunner.TestRun" name="runScenario" time="15.321"/>
  <system-out/>
  <testcase classname="com.numpyninja.cluelesscoders.testrunner.TestRun" name="runScenario" time="26.715"/>
  <system-out/>
  <testcase classname="com.numpyninja.cluelesscoders.testrunner.TestRun" name="runScenario" time="19.234"/>
  <system-out/>
  <testcase classname="com.numpyninja.cluelesscoders.testrunner.TestRun" name="runScenario" time="23.336"/>
  <system-out/>
  <testcase classname="com.numpyninja.cluelesscoders.testrunner.TestRun" name="runScenario" time="27.778"/>
  <system-out/>
  <testcase classname="com.numpyninja.cluelesscoders.testrunner.TestRun" name="runScenario" time="15.547"/>
  <system-out/>
  <testcase classname="com.numpyninja.cluelesscoders.testrunner.TestRun" name="runScenario" time="17.496"/>
  <system-out/>
  <testcase classname="com.numpyninja.cluelesscoders.testrunner.TestRun" name="runScenario" time="23.799"/>
  <system-out/>
  <testcase classname="com.numpyninja.cluelesscoders.testrunner.TestRun" name="runScenario" time="15.124"/>
  <system-out/>
  <testcase classname="com.numpyninja.cluelesscoders.testrunner.TestRun" name="runScenario" time="12.902"/>
  <system-out/>
  <testcase classname="com.numpyninja.cluelesscoders.testrunner.TestRun" name="runScenario" time="18.729"/>
  <system-out/>
  <testcase classname="com.numpyninja.cluelesscoders.testrunner.TestRun" name="runScenario" time="10.296"/>
  <system-out/>
  <testcase classname="com.numpyninja.cluelesscoders.testrunner.TestRun" name="runScenario" time="17.531"/>
  <system-out/>
  <testcase classname="com.numpyninja.cluelesscoders.testrunner.TestRun" name="runScenario" time="10.427"/>
  <system-out/>
  <testcase classname="com.numpyninja.cluelesscoders.testrunner.TestRun" name="runScenario" time="18.382"/>
  <system-out/>
  <testcase classname="com.numpyninja.cluelesscoders.testrunner.TestRun" name="runScenario" time="23.011"/>
  <system-out/>
  <testcase classname="com.numpyninja.cluelesscoders.testrunner.TestRun" name="runScenario" time="14.074"/>
  <system-out/>
  <testcase classname="com.numpyninja.cluelesscoders.testrunner.TestRun" name="runScenario" time="14.142"/>
  <system-out/>
  <testcase classname="com.numpyninja.cluelesscoders.testrunner.TestRun" name="runScenario" time="16.534">
    <failure message="expected [Password can’t be entirely numeric.] but found [password_mismatch:The two password fields didn’t match.]" type="java.lang.AssertionError">
      <![CDATA[java.lang.AssertionError: expected [Password can’t be entirely numeric.] but found [password_mismatch:The two password fields didn’t match.]
at org.testng.Assert.fail(Assert.java:110)
at org.testng.Assert.failNotEquals(Assert.java:1577)
at org.testng.Assert.assertEqualsImpl(Assert.java:149)
at org.testng.Assert.assertEquals(Assert.java:131)
at org.testng.Assert.assertEquals(Assert.java:655)
at org.testng.Assert.assertEquals(Assert.java:665)
at com.numpyninja.cluelesscoders.stepdefinitions.Steps.it_should_display_an_error_message(Steps.java:178)
at ✽.It should display an error message "Password can’t be entirely numeric."(file:///C:/Users/cnudr/git/dsAlgo/./Features/registerPage.feature:49)
]]>
    </failure>
  </testcase> <!-- runScenario -->
  <system-out/>
</testsuite> <!-- com.numpyninja.cluelesscoders.testrunner.TestRun -->
